{"E:\\learning\\Udemy.Node.js.The.Complete.Guide.to.Build.RESTful.APIs_p30download.com\\13. Integration Testing\\vidly\\index.js": {"path":"E:\\learning\\Udemy.Node.js.The.Complete.Guide.to.Build.RESTful.APIs_p30download.com\\13. Integration Testing\\vidly\\index.js","statementMap":{"0":{"start":{"line":1,"column":16},"end":{"line":1,"column":34}},"1":{"start":{"line":2,"column":16},"end":{"line":2,"column":34}},"2":{"start":{"line":3,"column":12},"end":{"line":3,"column":21}},"3":{"start":{"line":5,"column":0},"end":{"line":5,"column":31}},"4":{"start":{"line":6,"column":0},"end":{"line":6,"column":30}},"5":{"start":{"line":7,"column":0},"end":{"line":7,"column":31}},"6":{"start":{"line":8,"column":0},"end":{"line":8,"column":26}},"7":{"start":{"line":9,"column":0},"end":{"line":9,"column":34}},"8":{"start":{"line":11,"column":13},"end":{"line":11,"column":37}},"9":{"start":{"line":12,"column":15},"end":{"line":12,"column":83}},"10":{"start":{"line":12,"column":38},"end":{"line":12,"column":82}},"11":{"start":{"line":14,"column":0},"end":{"line":14,"column":22}}},"fnMap":{"0":{"name":"(anonymous_0)","decl":{"start":{"line":12,"column":32},"end":{"line":12,"column":33}},"loc":{"start":{"line":12,"column":38},"end":{"line":12,"column":82}},"line":12}},"branchMap":{"0":{"loc":{"start":{"line":11,"column":13},"end":{"line":11,"column":37}},"type":"binary-expr","locations":[{"start":{"line":11,"column":13},"end":{"line":11,"column":29}},{"start":{"line":11,"column":33},"end":{"line":11,"column":37}}],"line":11}},"s":{"0":2,"1":2,"2":2,"3":2,"4":2,"5":2,"6":2,"7":2,"8":2,"9":2,"10":2,"11":2},"f":{"0":2},"b":{"0":[2,2]},"_coverageSchema":"1a1c01bbd47fc00a2c39e90264f33305004495a9","hash":"5af35a55167e304fa8a2f720b13430c0f3ee0458"}
,"E:\\learning\\Udemy.Node.js.The.Complete.Guide.to.Build.RESTful.APIs_p30download.com\\13. Integration Testing\\vidly\\middleware\\admin.js": {"path":"E:\\learning\\Udemy.Node.js.The.Complete.Guide.to.Build.RESTful.APIs_p30download.com\\13. Integration Testing\\vidly\\middleware\\admin.js","statementMap":{"0":{"start":{"line":1,"column":0},"end":{"line":10,"column":1}},"1":{"start":{"line":6,"column":4},"end":{"line":6,"column":72}},"2":{"start":{"line":6,"column":26},"end":{"line":6,"column":72}},"3":{"start":{"line":8,"column":4},"end":{"line":8,"column":11}}},"fnMap":{"0":{"name":"(anonymous_0)","decl":{"start":{"line":1,"column":17},"end":{"line":1,"column":18}},"loc":{"start":{"line":1,"column":39},"end":{"line":10,"column":1}},"line":1}},"branchMap":{"0":{"loc":{"start":{"line":6,"column":4},"end":{"line":6,"column":72}},"type":"if","locations":[{"start":{"line":6,"column":4},"end":{"line":6,"column":72}},{"start":{},"end":{}}],"line":6}},"s":{"0":2,"1":3,"2":2,"3":1},"f":{"0":3},"b":{"0":[2,1]},"_coverageSchema":"1a1c01bbd47fc00a2c39e90264f33305004495a9","hash":"5f555ac37ed3f520e5035c3b8816cff10f9a15c4"}
,"E:\\learning\\Udemy.Node.js.The.Complete.Guide.to.Build.RESTful.APIs_p30download.com\\13. Integration Testing\\vidly\\middleware\\async.js": {"path":"E:\\learning\\Udemy.Node.js.The.Complete.Guide.to.Build.RESTful.APIs_p30download.com\\13. Integration Testing\\vidly\\middleware\\async.js","statementMap":{"0":{"start":{"line":1,"column":0},"end":{"line":10,"column":4}},"1":{"start":{"line":2,"column":4},"end":{"line":9,"column":5}},"2":{"start":{"line":3,"column":6},"end":{"line":8,"column":7}},"3":{"start":{"line":4,"column":8},"end":{"line":4,"column":31}},"4":{"start":{"line":7,"column":8},"end":{"line":7,"column":17}}},"fnMap":{"0":{"name":"asyncMiddleware","decl":{"start":{"line":1,"column":26},"end":{"line":1,"column":41}},"loc":{"start":{"line":1,"column":51},"end":{"line":10,"column":3}},"line":1},"1":{"name":"(anonymous_1)","decl":{"start":{"line":2,"column":11},"end":{"line":2,"column":12}},"loc":{"start":{"line":2,"column":35},"end":{"line":9,"column":5}},"line":2}},"branchMap":{},"s":{"0":2,"1":4,"2":13,"3":13,"4":0},"f":{"0":4,"1":13},"b":{},"_coverageSchema":"1a1c01bbd47fc00a2c39e90264f33305004495a9","hash":"4afc0ab008308e6a88d8fc15cfbb1c950aa68781"}
,"E:\\learning\\Udemy.Node.js.The.Complete.Guide.to.Build.RESTful.APIs_p30download.com\\13. Integration Testing\\vidly\\middleware\\auth.js": {"path":"E:\\learning\\Udemy.Node.js.The.Complete.Guide.to.Build.RESTful.APIs_p30download.com\\13. Integration Testing\\vidly\\middleware\\auth.js","statementMap":{"0":{"start":{"line":1,"column":12},"end":{"line":1,"column":35}},"1":{"start":{"line":2,"column":15},"end":{"line":2,"column":32}},"2":{"start":{"line":5,"column":18},"end":{"line":5,"column":44}},"3":{"start":{"line":6,"column":4},"end":{"line":6,"column":80}},"4":{"start":{"line":6,"column":15},"end":{"line":6,"column":80}},"5":{"start":{"line":8,"column":4},"end":{"line":15,"column":5}},"6":{"start":{"line":9,"column":20},"end":{"line":9,"column":66}},"7":{"start":{"line":10,"column":4},"end":{"line":10,"column":23}},"8":{"start":{"line":11,"column":4},"end":{"line":11,"column":11}},"9":{"start":{"line":14,"column":8},"end":{"line":14,"column":47}},"10":{"start":{"line":17,"column":0},"end":{"line":17,"column":22}}},"fnMap":{"0":{"name":"auth","decl":{"start":{"line":4,"column":9},"end":{"line":4,"column":13}},"loc":{"start":{"line":4,"column":27},"end":{"line":16,"column":1}},"line":4}},"branchMap":{"0":{"loc":{"start":{"line":6,"column":4},"end":{"line":6,"column":80}},"type":"if","locations":[{"start":{"line":6,"column":4},"end":{"line":6,"column":80}},{"start":{},"end":{}}],"line":6}},"s":{"0":3,"1":3,"2":19,"3":19,"4":2,"5":17,"6":17,"7":16,"8":16,"9":1,"10":3},"f":{"0":19},"b":{"0":[2,17]},"_coverageSchema":"1a1c01bbd47fc00a2c39e90264f33305004495a9","hash":"b1b390cbd2478603e75963c4ecff6e48cec91590"}
,"E:\\learning\\Udemy.Node.js.The.Complete.Guide.to.Build.RESTful.APIs_p30download.com\\13. Integration Testing\\vidly\\middleware\\error.js": {"path":"E:\\learning\\Udemy.Node.js.The.Complete.Guide.to.Build.RESTful.APIs_p30download.com\\13. Integration Testing\\vidly\\middleware\\error.js","statementMap":{"0":{"start":{"line":1,"column":16},"end":{"line":1,"column":34}},"1":{"start":{"line":4,"column":0},"end":{"line":16,"column":1}},"2":{"start":{"line":6,"column":4},"end":{"line":6,"column":35}},"3":{"start":{"line":7,"column":4},"end":{"line":7,"column":46}}},"fnMap":{"0":{"name":"(anonymous_0)","decl":{"start":{"line":4,"column":17},"end":{"line":4,"column":18}},"loc":{"start":{"line":4,"column":43},"end":{"line":16,"column":1}},"line":4}},"branchMap":{},"s":{"0":2,"1":2,"2":0,"3":0},"f":{"0":0},"b":{},"_coverageSchema":"1a1c01bbd47fc00a2c39e90264f33305004495a9","hash":"b9b2bb3e42b7fd227e2b59abdd40e835b4d9633f"}
,"E:\\learning\\Udemy.Node.js.The.Complete.Guide.to.Build.RESTful.APIs_p30download.com\\13. Integration Testing\\vidly\\middleware\\validateObjectId.js": {"path":"E:\\learning\\Udemy.Node.js.The.Complete.Guide.to.Build.RESTful.APIs_p30download.com\\13. Integration Testing\\vidly\\middleware\\validateObjectId.js","statementMap":{"0":{"start":{"line":1,"column":18},"end":{"line":1,"column":37}},"1":{"start":{"line":3,"column":0},"end":{"line":10,"column":1}},"2":{"start":{"line":5,"column":4},"end":{"line":6,"column":48}},"3":{"start":{"line":6,"column":6},"end":{"line":6,"column":48}},"4":{"start":{"line":8,"column":4},"end":{"line":8,"column":11}}},"fnMap":{"0":{"name":"(anonymous_0)","decl":{"start":{"line":3,"column":17},"end":{"line":3,"column":18}},"loc":{"start":{"line":3,"column":39},"end":{"line":10,"column":1}},"line":3}},"branchMap":{"0":{"loc":{"start":{"line":5,"column":4},"end":{"line":6,"column":48}},"type":"if","locations":[{"start":{"line":5,"column":4},"end":{"line":6,"column":48}},{"start":{},"end":{}}],"line":5}},"s":{"0":2,"1":2,"2":3,"3":1,"4":2},"f":{"0":3},"b":{"0":[1,2]},"_coverageSchema":"1a1c01bbd47fc00a2c39e90264f33305004495a9","hash":"335a19c14d1577008971db620e17b1992c9e83e2"}
,"E:\\learning\\Udemy.Node.js.The.Complete.Guide.to.Build.RESTful.APIs_p30download.com\\13. Integration Testing\\vidly\\models\\customer.js": {"path":"E:\\learning\\Udemy.Node.js.The.Complete.Guide.to.Build.RESTful.APIs_p30download.com\\13. Integration Testing\\vidly\\models\\customer.js","statementMap":{"0":{"start":{"line":1,"column":17},"end":{"line":1,"column":36}},"1":{"start":{"line":2,"column":12},"end":{"line":2,"column":26}},"2":{"start":{"line":4,"column":23},"end":{"line":20,"column":4}},"3":{"start":{"line":22,"column":19},"end":{"line":22,"column":61}},"4":{"start":{"line":25,"column":19},"end":{"line":29,"column":5}},"5":{"start":{"line":31,"column":4},"end":{"line":31,"column":42}},"6":{"start":{"line":34,"column":0},"end":{"line":34,"column":28}},"7":{"start":{"line":35,"column":0},"end":{"line":35,"column":36}}},"fnMap":{"0":{"name":"validateCustomer","decl":{"start":{"line":24,"column":11},"end":{"line":24,"column":27}},"loc":{"start":{"line":24,"column":38},"end":{"line":32,"column":3}},"line":24}},"branchMap":{},"s":{"0":2,"1":2,"2":2,"3":2,"4":0,"5":0,"6":2,"7":2},"f":{"0":0},"b":{},"_coverageSchema":"1a1c01bbd47fc00a2c39e90264f33305004495a9","hash":"827b1f982cafa16bb24c91e0d268ab3fcc89097d"}
,"E:\\learning\\Udemy.Node.js.The.Complete.Guide.to.Build.RESTful.APIs_p30download.com\\13. Integration Testing\\vidly\\models\\genre.js": {"path":"E:\\learning\\Udemy.Node.js.The.Complete.Guide.to.Build.RESTful.APIs_p30download.com\\13. Integration Testing\\vidly\\models\\genre.js","statementMap":{"0":{"start":{"line":1,"column":17},"end":{"line":1,"column":36}},"1":{"start":{"line":2,"column":12},"end":{"line":2,"column":26}},"2":{"start":{"line":5,"column":20},"end":{"line":11,"column":2}},"3":{"start":{"line":13,"column":14},"end":{"line":13,"column":50}},"4":{"start":{"line":17,"column":19},"end":{"line":19,"column":5}},"5":{"start":{"line":21,"column":4},"end":{"line":21,"column":39}},"6":{"start":{"line":24,"column":2},"end":{"line":24,"column":35}},"7":{"start":{"line":25,"column":0},"end":{"line":25,"column":22}},"8":{"start":{"line":26,"column":0},"end":{"line":26,"column":33}}},"fnMap":{"0":{"name":"validateGenre","decl":{"start":{"line":16,"column":9},"end":{"line":16,"column":22}},"loc":{"start":{"line":16,"column":30},"end":{"line":22,"column":3}},"line":16}},"branchMap":{},"s":{"0":2,"1":2,"2":2,"3":2,"4":15,"5":15,"6":2,"7":2,"8":2},"f":{"0":15},"b":{},"_coverageSchema":"1a1c01bbd47fc00a2c39e90264f33305004495a9","hash":"72506867338a9d215336a72f6ad04b1ef50d604c"}
,"E:\\learning\\Udemy.Node.js.The.Complete.Guide.to.Build.RESTful.APIs_p30download.com\\13. Integration Testing\\vidly\\models\\movie.js": {"path":"E:\\learning\\Udemy.Node.js.The.Complete.Guide.to.Build.RESTful.APIs_p30download.com\\13. Integration Testing\\vidly\\models\\movie.js","statementMap":{"0":{"start":{"line":1,"column":17},"end":{"line":1,"column":36}},"1":{"start":{"line":2,"column":12},"end":{"line":2,"column":26}},"2":{"start":{"line":3,"column":20},"end":{"line":3,"column":38}},"3":{"start":{"line":5,"column":20},"end":{"line":23,"column":4}},"4":{"start":{"line":25,"column":16},"end":{"line":25,"column":52}},"5":{"start":{"line":28,"column":19},"end":{"line":33,"column":5}},"6":{"start":{"line":35,"column":4},"end":{"line":35,"column":39}},"7":{"start":{"line":38,"column":0},"end":{"line":38,"column":22}},"8":{"start":{"line":39,"column":0},"end":{"line":39,"column":33}}},"fnMap":{"0":{"name":"validateMovie","decl":{"start":{"line":27,"column":11},"end":{"line":27,"column":24}},"loc":{"start":{"line":27,"column":32},"end":{"line":36,"column":3}},"line":27}},"branchMap":{},"s":{"0":2,"1":2,"2":2,"3":2,"4":2,"5":0,"6":0,"7":2,"8":2},"f":{"0":0},"b":{},"_coverageSchema":"1a1c01bbd47fc00a2c39e90264f33305004495a9","hash":"adaf2d00845479dda054b72bc91eb7805d4eaee7"}
,"E:\\learning\\Udemy.Node.js.The.Complete.Guide.to.Build.RESTful.APIs_p30download.com\\13. Integration Testing\\vidly\\models\\rental.js": {"path":"E:\\learning\\Udemy.Node.js.The.Complete.Guide.to.Build.RESTful.APIs_p30download.com\\13. Integration Testing\\vidly\\models\\rental.js","statementMap":{"0":{"start":{"line":1,"column":17},"end":{"line":1,"column":36}},"1":{"start":{"line":2,"column":12},"end":{"line":2,"column":26}},"2":{"start":{"line":4,"column":21},"end":{"line":43,"column":4}},"3":{"start":{"line":45,"column":17},"end":{"line":45,"column":56}},"4":{"start":{"line":48,"column":19},"end":{"line":51,"column":5}},"5":{"start":{"line":53,"column":4},"end":{"line":53,"column":40}},"6":{"start":{"line":56,"column":0},"end":{"line":56,"column":24}},"7":{"start":{"line":57,"column":0},"end":{"line":57,"column":34}}},"fnMap":{"0":{"name":"validateRental","decl":{"start":{"line":47,"column":11},"end":{"line":47,"column":25}},"loc":{"start":{"line":47,"column":34},"end":{"line":54,"column":3}},"line":47}},"branchMap":{},"s":{"0":2,"1":2,"2":2,"3":2,"4":0,"5":0,"6":2,"7":2},"f":{"0":0},"b":{},"_coverageSchema":"1a1c01bbd47fc00a2c39e90264f33305004495a9","hash":"69711f1b0d68a47593e9446ed58bc81cf46cd964"}
,"E:\\learning\\Udemy.Node.js.The.Complete.Guide.to.Build.RESTful.APIs_p30download.com\\13. Integration Testing\\vidly\\models\\user.js": {"path":"E:\\learning\\Udemy.Node.js.The.Complete.Guide.to.Build.RESTful.APIs_p30download.com\\13. Integration Testing\\vidly\\models\\user.js","statementMap":{"0":{"start":{"line":1,"column":17},"end":{"line":1,"column":36}},"1":{"start":{"line":2,"column":12},"end":{"line":2,"column":26}},"2":{"start":{"line":3,"column":12},"end":{"line":3,"column":35}},"3":{"start":{"line":4,"column":15},"end":{"line":4,"column":32}},"4":{"start":{"line":6,"column":19},"end":{"line":28,"column":4}},"5":{"start":{"line":29,"column":2},"end":{"line":33,"column":3}},"6":{"start":{"line":31,"column":18},"end":{"line":31,"column":91}},"7":{"start":{"line":32,"column":4},"end":{"line":32,"column":17}},"8":{"start":{"line":35,"column":15},"end":{"line":35,"column":50}},"9":{"start":{"line":38,"column":19},"end":{"line":42,"column":5}},"10":{"start":{"line":44,"column":4},"end":{"line":44,"column":38}},"11":{"start":{"line":47,"column":0},"end":{"line":47,"column":20}},"12":{"start":{"line":48,"column":0},"end":{"line":48,"column":32}}},"fnMap":{"0":{"name":"(anonymous_0)","decl":{"start":{"line":29,"column":40},"end":{"line":29,"column":41}},"loc":{"start":{"line":29,"column":50},"end":{"line":33,"column":3}},"line":29},"1":{"name":"validateUser","decl":{"start":{"line":37,"column":11},"end":{"line":37,"column":23}},"loc":{"start":{"line":37,"column":30},"end":{"line":45,"column":3}},"line":37}},"branchMap":{},"s":{"0":4,"1":4,"2":4,"3":4,"4":4,"5":4,"6":17,"7":17,"8":4,"9":0,"10":0,"11":4,"12":4},"f":{"0":17,"1":0},"b":{},"_coverageSchema":"1a1c01bbd47fc00a2c39e90264f33305004495a9","hash":"2e94dbea5ef78bd9b52dfdd1f2374c9ed1ba9c53"}
,"E:\\learning\\Udemy.Node.js.The.Complete.Guide.to.Build.RESTful.APIs_p30download.com\\13. Integration Testing\\vidly\\routes\\auth.js": {"path":"E:\\learning\\Udemy.Node.js.The.Complete.Guide.to.Build.RESTful.APIs_p30download.com\\13. Integration Testing\\vidly\\routes\\auth.js","statementMap":{"0":{"start":{"line":1,"column":16},"end":{"line":1,"column":34}},"1":{"start":{"line":2,"column":15},"end":{"line":2,"column":31}},"2":{"start":{"line":3,"column":14},"end":{"line":3,"column":39}},"3":{"start":{"line":4,"column":15},"end":{"line":4,"column":32}},"4":{"start":{"line":5,"column":12},"end":{"line":5,"column":26}},"5":{"start":{"line":6,"column":10},"end":{"line":6,"column":27}},"6":{"start":{"line":11,"column":0},"end":{"line":27,"column":5}},"7":{"start":{"line":12,"column":22},"end":{"line":12,"column":40}},"8":{"start":{"line":13,"column":4},"end":{"line":13,"column":69}},"9":{"start":{"line":13,"column":15},"end":{"line":13,"column":69}},"10":{"start":{"line":15,"column":15},"end":{"line":15,"column":58}},"11":{"start":{"line":16,"column":4},"end":{"line":16,"column":75}},"12":{"start":{"line":16,"column":14},"end":{"line":16,"column":75}},"13":{"start":{"line":18,"column":26},"end":{"line":18,"column":80}},"14":{"start":{"line":20,"column":4},"end":{"line":20,"column":84}},"15":{"start":{"line":20,"column":23},"end":{"line":20,"column":84}},"16":{"start":{"line":22,"column":18},"end":{"line":22,"column":42}},"17":{"start":{"line":24,"column":4},"end":{"line":24,"column":83}},"18":{"start":{"line":30,"column":19},"end":{"line":33,"column":5}},"19":{"start":{"line":35,"column":4},"end":{"line":35,"column":38}},"20":{"start":{"line":39,"column":0},"end":{"line":39,"column":24}}},"fnMap":{"0":{"name":"(anonymous_0)","decl":{"start":{"line":11,"column":17},"end":{"line":11,"column":18}},"loc":{"start":{"line":11,"column":37},"end":{"line":27,"column":3}},"line":11},"1":{"name":"validate","decl":{"start":{"line":29,"column":11},"end":{"line":29,"column":19}},"loc":{"start":{"line":29,"column":26},"end":{"line":36,"column":3}},"line":29}},"branchMap":{"0":{"loc":{"start":{"line":13,"column":4},"end":{"line":13,"column":69}},"type":"if","locations":[{"start":{"line":13,"column":4},"end":{"line":13,"column":69}},{"start":{},"end":{}}],"line":13},"1":{"loc":{"start":{"line":16,"column":4},"end":{"line":16,"column":75}},"type":"if","locations":[{"start":{"line":16,"column":4},"end":{"line":16,"column":75}},{"start":{},"end":{}}],"line":16},"2":{"loc":{"start":{"line":20,"column":4},"end":{"line":20,"column":84}},"type":"if","locations":[{"start":{"line":20,"column":4},"end":{"line":20,"column":84}},{"start":{},"end":{}}],"line":20}},"s":{"0":2,"1":2,"2":2,"3":2,"4":2,"5":2,"6":2,"7":0,"8":0,"9":0,"10":0,"11":0,"12":0,"13":0,"14":0,"15":0,"16":0,"17":0,"18":0,"19":0,"20":2},"f":{"0":0,"1":0},"b":{"0":[0,0],"1":[0,0],"2":[0,0]},"_coverageSchema":"1a1c01bbd47fc00a2c39e90264f33305004495a9","hash":"6d4c5beff174be09d2371861e03e71bbdff12535"}
,"E:\\learning\\Udemy.Node.js.The.Complete.Guide.to.Build.RESTful.APIs_p30download.com\\13. Integration Testing\\vidly\\routes\\customer.js": {"path":"E:\\learning\\Udemy.Node.js.The.Complete.Guide.to.Build.RESTful.APIs_p30download.com\\13. Integration Testing\\vidly\\routes\\customer.js","statementMap":{"0":{"start":{"line":1,"column":16},"end":{"line":1,"column":34}},"1":{"start":{"line":2,"column":15},"end":{"line":2,"column":31}},"2":{"start":{"line":3,"column":27},"end":{"line":3,"column":56}},"3":{"start":{"line":6,"column":0},"end":{"line":10,"column":3}},"4":{"start":{"line":8,"column":20},"end":{"line":8,"column":54}},"5":{"start":{"line":9,"column":2},"end":{"line":9,"column":22}},"6":{"start":{"line":12,"column":0},"end":{"line":24,"column":3}},"7":{"start":{"line":13,"column":20},"end":{"line":13,"column":38}},"8":{"start":{"line":14,"column":2},"end":{"line":14,"column":67}},"9":{"start":{"line":14,"column":13},"end":{"line":14,"column":67}},"10":{"start":{"line":16,"column":19},"end":{"line":20,"column":4}},"11":{"start":{"line":22,"column":15},"end":{"line":22,"column":36}},"12":{"start":{"line":23,"column":0},"end":{"line":23,"column":17}},"13":{"start":{"line":26,"column":0},"end":{"line":45,"column":3}},"14":{"start":{"line":27,"column":20},"end":{"line":27,"column":38}},"15":{"start":{"line":28,"column":2},"end":{"line":28,"column":67}},"16":{"start":{"line":28,"column":13},"end":{"line":28,"column":67}},"17":{"start":{"line":30,"column":19},"end":{"line":40,"column":6}},"18":{"start":{"line":42,"column":2},"end":{"line":42,"column":94}},"19":{"start":{"line":42,"column":17},"end":{"line":42,"column":94}},"20":{"start":{"line":44,"column":2},"end":{"line":44,"column":21}},"21":{"start":{"line":47,"column":0},"end":{"line":52,"column":3}},"22":{"start":{"line":48,"column":19},"end":{"line":48,"column":66}},"23":{"start":{"line":49,"column":2},"end":{"line":49,"column":94}},"24":{"start":{"line":49,"column":17},"end":{"line":49,"column":94}},"25":{"start":{"line":51,"column":2},"end":{"line":51,"column":21}},"26":{"start":{"line":54,"column":0},"end":{"line":59,"column":3}},"27":{"start":{"line":55,"column":19},"end":{"line":55,"column":57}},"28":{"start":{"line":56,"column":2},"end":{"line":56,"column":94}},"29":{"start":{"line":56,"column":17},"end":{"line":56,"column":94}},"30":{"start":{"line":58,"column":2},"end":{"line":58,"column":21}},"31":{"start":{"line":62,"column":0},"end":{"line":62,"column":24}}},"fnMap":{"0":{"name":"(anonymous_0)","decl":{"start":{"line":6,"column":16},"end":{"line":6,"column":17}},"loc":{"start":{"line":6,"column":36},"end":{"line":10,"column":1}},"line":6},"1":{"name":"(anonymous_1)","decl":{"start":{"line":12,"column":17},"end":{"line":12,"column":18}},"loc":{"start":{"line":12,"column":37},"end":{"line":24,"column":1}},"line":12},"2":{"name":"(anonymous_2)","decl":{"start":{"line":26,"column":19},"end":{"line":26,"column":20}},"loc":{"start":{"line":26,"column":39},"end":{"line":45,"column":1}},"line":26},"3":{"name":"(anonymous_3)","decl":{"start":{"line":47,"column":22},"end":{"line":47,"column":23}},"loc":{"start":{"line":47,"column":42},"end":{"line":52,"column":1}},"line":47},"4":{"name":"(anonymous_4)","decl":{"start":{"line":54,"column":19},"end":{"line":54,"column":20}},"loc":{"start":{"line":54,"column":39},"end":{"line":59,"column":1}},"line":54}},"branchMap":{"0":{"loc":{"start":{"line":14,"column":2},"end":{"line":14,"column":67}},"type":"if","locations":[{"start":{"line":14,"column":2},"end":{"line":14,"column":67}},{"start":{},"end":{}}],"line":14},"1":{"loc":{"start":{"line":28,"column":2},"end":{"line":28,"column":67}},"type":"if","locations":[{"start":{"line":28,"column":2},"end":{"line":28,"column":67}},{"start":{},"end":{}}],"line":28},"2":{"loc":{"start":{"line":42,"column":2},"end":{"line":42,"column":94}},"type":"if","locations":[{"start":{"line":42,"column":2},"end":{"line":42,"column":94}},{"start":{},"end":{}}],"line":42},"3":{"loc":{"start":{"line":49,"column":2},"end":{"line":49,"column":94}},"type":"if","locations":[{"start":{"line":49,"column":2},"end":{"line":49,"column":94}},{"start":{},"end":{}}],"line":49},"4":{"loc":{"start":{"line":56,"column":2},"end":{"line":56,"column":94}},"type":"if","locations":[{"start":{"line":56,"column":2},"end":{"line":56,"column":94}},{"start":{},"end":{}}],"line":56}},"s":{"0":2,"1":2,"2":2,"3":2,"4":0,"5":0,"6":2,"7":0,"8":0,"9":0,"10":0,"11":0,"12":0,"13":2,"14":0,"15":0,"16":0,"17":0,"18":0,"19":0,"20":0,"21":2,"22":0,"23":0,"24":0,"25":0,"26":2,"27":0,"28":0,"29":0,"30":0,"31":2},"f":{"0":0,"1":0,"2":0,"3":0,"4":0},"b":{"0":[0,0],"1":[0,0],"2":[0,0],"3":[0,0],"4":[0,0]},"_coverageSchema":"1a1c01bbd47fc00a2c39e90264f33305004495a9","hash":"d85d4e8d486081962c962940ccfeee3ff0191c75"}
,"E:\\learning\\Udemy.Node.js.The.Complete.Guide.to.Build.RESTful.APIs_p30download.com\\13. Integration Testing\\vidly\\routes\\genres.js": {"path":"E:\\learning\\Udemy.Node.js.The.Complete.Guide.to.Build.RESTful.APIs_p30download.com\\13. Integration Testing\\vidly\\routes\\genres.js","statementMap":{"0":{"start":{"line":1,"column":16},"end":{"line":1,"column":34}},"1":{"start":{"line":2,"column":15},"end":{"line":2,"column":31}},"2":{"start":{"line":3,"column":24},"end":{"line":3,"column":50}},"3":{"start":{"line":4,"column":13},"end":{"line":4,"column":42}},"4":{"start":{"line":5,"column":14},"end":{"line":5,"column":44}},"5":{"start":{"line":6,"column":25},"end":{"line":6,"column":66}},"6":{"start":{"line":7,"column":24},"end":{"line":7,"column":54}},"7":{"start":{"line":8,"column":30},"end":{"line":8,"column":49}},"8":{"start":{"line":13,"column":0},"end":{"line":16,"column":4}},"9":{"start":{"line":14,"column":17},"end":{"line":14,"column":48}},"10":{"start":{"line":15,"column":2},"end":{"line":15,"column":19}},"11":{"start":{"line":18,"column":0},"end":{"line":29,"column":4}},"12":{"start":{"line":19,"column":20},"end":{"line":19,"column":38}},"13":{"start":{"line":20,"column":2},"end":{"line":20,"column":67}},"14":{"start":{"line":20,"column":13},"end":{"line":20,"column":67}},"15":{"start":{"line":22,"column":16},"end":{"line":24,"column":4}},"16":{"start":{"line":26,"column":17},"end":{"line":26,"column":35}},"17":{"start":{"line":27,"column":2},"end":{"line":27,"column":19}},"18":{"start":{"line":31,"column":0},"end":{"line":44,"column":3}},"19":{"start":{"line":32,"column":20},"end":{"line":32,"column":38}},"20":{"start":{"line":33,"column":2},"end":{"line":33,"column":67}},"21":{"start":{"line":33,"column":13},"end":{"line":33,"column":67}},"22":{"start":{"line":35,"column":16},"end":{"line":39,"column":15}},"23":{"start":{"line":41,"column":2},"end":{"line":41,"column":88}},"24":{"start":{"line":41,"column":14},"end":{"line":41,"column":88}},"25":{"start":{"line":43,"column":2},"end":{"line":43,"column":18}},"26":{"start":{"line":46,"column":0},"end":{"line":51,"column":3}},"27":{"start":{"line":47,"column":16},"end":{"line":47,"column":60}},"28":{"start":{"line":48,"column":2},"end":{"line":48,"column":88}},"29":{"start":{"line":48,"column":14},"end":{"line":48,"column":88}},"30":{"start":{"line":50,"column":2},"end":{"line":50,"column":18}},"31":{"start":{"line":53,"column":0},"end":{"line":59,"column":3}},"32":{"start":{"line":54,"column":16},"end":{"line":54,"column":51}},"33":{"start":{"line":56,"column":2},"end":{"line":56,"column":88}},"34":{"start":{"line":56,"column":14},"end":{"line":56,"column":88}},"35":{"start":{"line":58,"column":2},"end":{"line":58,"column":18}},"36":{"start":{"line":61,"column":0},"end":{"line":61,"column":24}}},"fnMap":{"0":{"name":"(anonymous_0)","decl":{"start":{"line":13,"column":32},"end":{"line":13,"column":33}},"loc":{"start":{"line":13,"column":51},"end":{"line":16,"column":1}},"line":13},"1":{"name":"(anonymous_1)","decl":{"start":{"line":18,"column":38},"end":{"line":18,"column":39}},"loc":{"start":{"line":18,"column":58},"end":{"line":29,"column":1}},"line":18},"2":{"name":"(anonymous_2)","decl":{"start":{"line":31,"column":19},"end":{"line":31,"column":20}},"loc":{"start":{"line":31,"column":39},"end":{"line":44,"column":1}},"line":31},"3":{"name":"(anonymous_3)","decl":{"start":{"line":46,"column":35},"end":{"line":46,"column":36}},"loc":{"start":{"line":46,"column":55},"end":{"line":51,"column":1}},"line":46},"4":{"name":"(anonymous_4)","decl":{"start":{"line":53,"column":36},"end":{"line":53,"column":37}},"loc":{"start":{"line":53,"column":56},"end":{"line":59,"column":1}},"line":53}},"branchMap":{"0":{"loc":{"start":{"line":20,"column":2},"end":{"line":20,"column":67}},"type":"if","locations":[{"start":{"line":20,"column":2},"end":{"line":20,"column":67}},{"start":{},"end":{}}],"line":20},"1":{"loc":{"start":{"line":33,"column":2},"end":{"line":33,"column":67}},"type":"if","locations":[{"start":{"line":33,"column":2},"end":{"line":33,"column":67}},{"start":{},"end":{}}],"line":33},"2":{"loc":{"start":{"line":41,"column":2},"end":{"line":41,"column":88}},"type":"if","locations":[{"start":{"line":41,"column":2},"end":{"line":41,"column":88}},{"start":{},"end":{}}],"line":41},"3":{"loc":{"start":{"line":48,"column":2},"end":{"line":48,"column":88}},"type":"if","locations":[{"start":{"line":48,"column":2},"end":{"line":48,"column":88}},{"start":{},"end":{}}],"line":48},"4":{"loc":{"start":{"line":56,"column":2},"end":{"line":56,"column":88}},"type":"if","locations":[{"start":{"line":56,"column":2},"end":{"line":56,"column":88}},{"start":{},"end":{}}],"line":56}},"s":{"0":2,"1":2,"2":2,"3":2,"4":2,"5":2,"6":2,"7":2,"8":2,"9":1,"10":1,"11":2,"12":12,"13":12,"14":2,"15":10,"16":10,"17":10,"18":2,"19":3,"20":3,"21":1,"22":2,"23":2,"24":1,"25":1,"26":2,"27":1,"28":1,"29":0,"30":1,"31":2,"32":2,"33":2,"34":1,"35":1,"36":2},"f":{"0":1,"1":12,"2":3,"3":1,"4":2},"b":{"0":[2,10],"1":[1,2],"2":[1,1],"3":[0,1],"4":[1,1]},"_coverageSchema":"1a1c01bbd47fc00a2c39e90264f33305004495a9","hash":"669cfb7a83adf7829a9c4457daa9fc17d869d6ee"}
,"E:\\learning\\Udemy.Node.js.The.Complete.Guide.to.Build.RESTful.APIs_p30download.com\\13. Integration Testing\\vidly\\routes\\movies.js": {"path":"E:\\learning\\Udemy.Node.js.The.Complete.Guide.to.Build.RESTful.APIs_p30download.com\\13. Integration Testing\\vidly\\routes\\movies.js","statementMap":{"0":{"start":{"line":1,"column":16},"end":{"line":1,"column":34}},"1":{"start":{"line":2,"column":15},"end":{"line":2,"column":31}},"2":{"start":{"line":3,"column":24},"end":{"line":3,"column":50}},"3":{"start":{"line":4,"column":15},"end":{"line":4,"column":41}},"4":{"start":{"line":7,"column":0},"end":{"line":11,"column":3}},"5":{"start":{"line":9,"column":17},"end":{"line":9,"column":48}},"6":{"start":{"line":10,"column":2},"end":{"line":10,"column":19}},"7":{"start":{"line":13,"column":0},"end":{"line":32,"column":3}},"8":{"start":{"line":14,"column":20},"end":{"line":14,"column":38}},"9":{"start":{"line":15,"column":2},"end":{"line":15,"column":67}},"10":{"start":{"line":15,"column":13},"end":{"line":15,"column":67}},"11":{"start":{"line":17,"column":16},"end":{"line":17,"column":54}},"12":{"start":{"line":18,"column":2},"end":{"line":18,"column":71}},"13":{"start":{"line":18,"column":13},"end":{"line":18,"column":71}},"14":{"start":{"line":20,"column":16},"end":{"line":28,"column":4}},"15":{"start":{"line":30,"column":0},"end":{"line":30,"column":18}},"16":{"start":{"line":31,"column":0},"end":{"line":31,"column":16}},"17":{"start":{"line":34,"column":0},"end":{"line":60,"column":3}},"18":{"start":{"line":35,"column":20},"end":{"line":35,"column":38}},"19":{"start":{"line":36,"column":2},"end":{"line":36,"column":67}},"20":{"start":{"line":36,"column":13},"end":{"line":36,"column":67}},"21":{"start":{"line":38,"column":16},"end":{"line":38,"column":54}},"22":{"start":{"line":39,"column":2},"end":{"line":39,"column":71}},"23":{"start":{"line":39,"column":13},"end":{"line":39,"column":71}},"24":{"start":{"line":41,"column":16},"end":{"line":55,"column":6}},"25":{"start":{"line":57,"column":2},"end":{"line":57,"column":88}},"26":{"start":{"line":57,"column":14},"end":{"line":57,"column":88}},"27":{"start":{"line":59,"column":2},"end":{"line":59,"column":18}},"28":{"start":{"line":62,"column":0},"end":{"line":67,"column":3}},"29":{"start":{"line":63,"column":16},"end":{"line":63,"column":60}},"30":{"start":{"line":64,"column":2},"end":{"line":64,"column":88}},"31":{"start":{"line":64,"column":14},"end":{"line":64,"column":88}},"32":{"start":{"line":66,"column":2},"end":{"line":66,"column":18}},"33":{"start":{"line":69,"column":0},"end":{"line":74,"column":3}},"34":{"start":{"line":70,"column":16},"end":{"line":70,"column":51}},"35":{"start":{"line":71,"column":2},"end":{"line":71,"column":88}},"36":{"start":{"line":71,"column":14},"end":{"line":71,"column":88}},"37":{"start":{"line":73,"column":2},"end":{"line":73,"column":18}},"38":{"start":{"line":77,"column":0},"end":{"line":77,"column":24}}},"fnMap":{"0":{"name":"(anonymous_0)","decl":{"start":{"line":7,"column":16},"end":{"line":7,"column":17}},"loc":{"start":{"line":7,"column":36},"end":{"line":11,"column":1}},"line":7},"1":{"name":"(anonymous_1)","decl":{"start":{"line":13,"column":17},"end":{"line":13,"column":18}},"loc":{"start":{"line":13,"column":37},"end":{"line":32,"column":1}},"line":13},"2":{"name":"(anonymous_2)","decl":{"start":{"line":34,"column":19},"end":{"line":34,"column":20}},"loc":{"start":{"line":34,"column":39},"end":{"line":60,"column":1}},"line":34},"3":{"name":"(anonymous_3)","decl":{"start":{"line":62,"column":22},"end":{"line":62,"column":23}},"loc":{"start":{"line":62,"column":42},"end":{"line":67,"column":1}},"line":62},"4":{"name":"(anonymous_4)","decl":{"start":{"line":69,"column":19},"end":{"line":69,"column":20}},"loc":{"start":{"line":69,"column":39},"end":{"line":74,"column":1}},"line":69}},"branchMap":{"0":{"loc":{"start":{"line":15,"column":2},"end":{"line":15,"column":67}},"type":"if","locations":[{"start":{"line":15,"column":2},"end":{"line":15,"column":67}},{"start":{},"end":{}}],"line":15},"1":{"loc":{"start":{"line":18,"column":2},"end":{"line":18,"column":71}},"type":"if","locations":[{"start":{"line":18,"column":2},"end":{"line":18,"column":71}},{"start":{},"end":{}}],"line":18},"2":{"loc":{"start":{"line":36,"column":2},"end":{"line":36,"column":67}},"type":"if","locations":[{"start":{"line":36,"column":2},"end":{"line":36,"column":67}},{"start":{},"end":{}}],"line":36},"3":{"loc":{"start":{"line":39,"column":2},"end":{"line":39,"column":71}},"type":"if","locations":[{"start":{"line":39,"column":2},"end":{"line":39,"column":71}},{"start":{},"end":{}}],"line":39},"4":{"loc":{"start":{"line":57,"column":2},"end":{"line":57,"column":88}},"type":"if","locations":[{"start":{"line":57,"column":2},"end":{"line":57,"column":88}},{"start":{},"end":{}}],"line":57},"5":{"loc":{"start":{"line":64,"column":2},"end":{"line":64,"column":88}},"type":"if","locations":[{"start":{"line":64,"column":2},"end":{"line":64,"column":88}},{"start":{},"end":{}}],"line":64},"6":{"loc":{"start":{"line":71,"column":2},"end":{"line":71,"column":88}},"type":"if","locations":[{"start":{"line":71,"column":2},"end":{"line":71,"column":88}},{"start":{},"end":{}}],"line":71}},"s":{"0":2,"1":2,"2":2,"3":2,"4":2,"5":0,"6":0,"7":2,"8":0,"9":0,"10":0,"11":0,"12":0,"13":0,"14":0,"15":0,"16":0,"17":2,"18":0,"19":0,"20":0,"21":0,"22":0,"23":0,"24":0,"25":0,"26":0,"27":0,"28":2,"29":0,"30":0,"31":0,"32":0,"33":2,"34":0,"35":0,"36":0,"37":0,"38":2},"f":{"0":0,"1":0,"2":0,"3":0,"4":0},"b":{"0":[0,0],"1":[0,0],"2":[0,0],"3":[0,0],"4":[0,0],"5":[0,0],"6":[0,0]},"_coverageSchema":"1a1c01bbd47fc00a2c39e90264f33305004495a9","hash":"0c1e5cdf27046f19ffe5e05e977544702bac9942"}
,"E:\\learning\\Udemy.Node.js.The.Complete.Guide.to.Build.RESTful.APIs_p30download.com\\13. Integration Testing\\vidly\\routes\\rentals.js": {"path":"E:\\learning\\Udemy.Node.js.The.Complete.Guide.to.Build.RESTful.APIs_p30download.com\\13. Integration Testing\\vidly\\routes\\rentals.js","statementMap":{"0":{"start":{"line":1,"column":16},"end":{"line":1,"column":34}},"1":{"start":{"line":2,"column":15},"end":{"line":2,"column":31}},"2":{"start":{"line":3,"column":25},"end":{"line":3,"column":52}},"3":{"start":{"line":4,"column":18},"end":{"line":4,"column":47}},"4":{"start":{"line":5,"column":15},"end":{"line":5,"column":41}},"5":{"start":{"line":6,"column":13},"end":{"line":6,"column":28}},"6":{"start":{"line":9,"column":0},"end":{"line":9,"column":39}},"7":{"start":{"line":12,"column":0},"end":{"line":16,"column":3}},"8":{"start":{"line":14,"column":18},"end":{"line":14,"column":54}},"9":{"start":{"line":15,"column":2},"end":{"line":15,"column":20}},"10":{"start":{"line":18,"column":0},"end":{"line":58,"column":5}},"11":{"start":{"line":19,"column":20},"end":{"line":19,"column":38}},"12":{"start":{"line":20,"column":2},"end":{"line":20,"column":67}},"13":{"start":{"line":20,"column":13},"end":{"line":20,"column":67}},"14":{"start":{"line":22,"column":19},"end":{"line":22,"column":63}},"15":{"start":{"line":23,"column":2},"end":{"line":23,"column":57}},"16":{"start":{"line":23,"column":16},"end":{"line":23,"column":57}},"17":{"start":{"line":25,"column":16},"end":{"line":25,"column":54}},"18":{"start":{"line":26,"column":2},"end":{"line":26,"column":51}},"19":{"start":{"line":26,"column":13},"end":{"line":26,"column":51}},"20":{"start":{"line":28,"column":2},"end":{"line":28,"column":76}},"21":{"start":{"line":28,"column":32},"end":{"line":28,"column":76}},"22":{"start":{"line":30,"column":17},"end":{"line":42,"column":4}},"23":{"start":{"line":44,"column":2},"end":{"line":56,"column":3}},"24":{"start":{"line":45,"column":4},"end":{"line":50,"column":13}},"25":{"start":{"line":52,"column":2},"end":{"line":52,"column":19}},"26":{"start":{"line":55,"column":4},"end":{"line":55,"column":46}},"27":{"start":{"line":60,"column":2},"end":{"line":60,"column":26}}},"fnMap":{"0":{"name":"(anonymous_0)","decl":{"start":{"line":12,"column":16},"end":{"line":12,"column":17}},"loc":{"start":{"line":12,"column":36},"end":{"line":16,"column":1}},"line":12},"1":{"name":"(anonymous_1)","decl":{"start":{"line":18,"column":17},"end":{"line":18,"column":18}},"loc":{"start":{"line":18,"column":37},"end":{"line":58,"column":3}},"line":18}},"branchMap":{"0":{"loc":{"start":{"line":20,"column":2},"end":{"line":20,"column":67}},"type":"if","locations":[{"start":{"line":20,"column":2},"end":{"line":20,"column":67}},{"start":{},"end":{}}],"line":20},"1":{"loc":{"start":{"line":23,"column":2},"end":{"line":23,"column":57}},"type":"if","locations":[{"start":{"line":23,"column":2},"end":{"line":23,"column":57}},{"start":{},"end":{}}],"line":23},"2":{"loc":{"start":{"line":26,"column":2},"end":{"line":26,"column":51}},"type":"if","locations":[{"start":{"line":26,"column":2},"end":{"line":26,"column":51}},{"start":{},"end":{}}],"line":26},"3":{"loc":{"start":{"line":28,"column":2},"end":{"line":28,"column":76}},"type":"if","locations":[{"start":{"line":28,"column":2},"end":{"line":28,"column":76}},{"start":{},"end":{}}],"line":28}},"s":{"0":2,"1":2,"2":2,"3":2,"4":2,"5":2,"6":2,"7":2,"8":0,"9":0,"10":2,"11":0,"12":0,"13":0,"14":0,"15":0,"16":0,"17":0,"18":0,"19":0,"20":0,"21":0,"22":0,"23":0,"24":0,"25":0,"26":0,"27":2},"f":{"0":0,"1":0},"b":{"0":[0,0],"1":[0,0],"2":[0,0],"3":[0,0]},"_coverageSchema":"1a1c01bbd47fc00a2c39e90264f33305004495a9","hash":"a61cb7a74fdf00d296db5bd5de9e358b0d021752"}
,"E:\\learning\\Udemy.Node.js.The.Complete.Guide.to.Build.RESTful.APIs_p30download.com\\13. Integration Testing\\vidly\\routes\\users.js": {"path":"E:\\learning\\Udemy.Node.js.The.Complete.Guide.to.Build.RESTful.APIs_p30download.com\\13. Integration Testing\\vidly\\routes\\users.js","statementMap":{"0":{"start":{"line":1,"column":16},"end":{"line":1,"column":34}},"1":{"start":{"line":2,"column":15},"end":{"line":2,"column":31}},"2":{"start":{"line":3,"column":23},"end":{"line":3,"column":48}},"3":{"start":{"line":4,"column":10},"end":{"line":4,"column":27}},"4":{"start":{"line":5,"column":15},"end":{"line":5,"column":32}},"5":{"start":{"line":6,"column":13},"end":{"line":6,"column":42}},"6":{"start":{"line":8,"column":0},"end":{"line":11,"column":2}},"7":{"start":{"line":9,"column":15},"end":{"line":9,"column":68}},"8":{"start":{"line":10,"column":2},"end":{"line":10,"column":17}},"9":{"start":{"line":12,"column":0},"end":{"line":28,"column":5}},"10":{"start":{"line":13,"column":22},"end":{"line":13,"column":40}},"11":{"start":{"line":14,"column":4},"end":{"line":14,"column":69}},"12":{"start":{"line":14,"column":15},"end":{"line":14,"column":69}},"13":{"start":{"line":16,"column":15},"end":{"line":16,"column":58}},"14":{"start":{"line":17,"column":4},"end":{"line":17,"column":69}},"15":{"start":{"line":17,"column":13},"end":{"line":17,"column":69}},"16":{"start":{"line":19,"column":4},"end":{"line":19,"column":70}},"17":{"start":{"line":21,"column":17},"end":{"line":21,"column":41}},"18":{"start":{"line":22,"column":4},"end":{"line":22,"column":58}},"19":{"start":{"line":24,"column":18},"end":{"line":24,"column":42}},"20":{"start":{"line":26,"column":2},"end":{"line":26,"column":20}},"21":{"start":{"line":27,"column":2},"end":{"line":27,"column":81}},"22":{"start":{"line":31,"column":0},"end":{"line":31,"column":24}}},"fnMap":{"0":{"name":"(anonymous_0)","decl":{"start":{"line":8,"column":23},"end":{"line":8,"column":24}},"loc":{"start":{"line":8,"column":40},"end":{"line":11,"column":1}},"line":8},"1":{"name":"(anonymous_1)","decl":{"start":{"line":12,"column":17},"end":{"line":12,"column":18}},"loc":{"start":{"line":12,"column":37},"end":{"line":28,"column":3}},"line":12}},"branchMap":{"0":{"loc":{"start":{"line":14,"column":4},"end":{"line":14,"column":69}},"type":"if","locations":[{"start":{"line":14,"column":4},"end":{"line":14,"column":69}},{"start":{},"end":{}}],"line":14},"1":{"loc":{"start":{"line":17,"column":4},"end":{"line":17,"column":69}},"type":"if","locations":[{"start":{"line":17,"column":4},"end":{"line":17,"column":69}},{"start":{},"end":{}}],"line":17}},"s":{"0":2,"1":2,"2":2,"3":2,"4":2,"5":2,"6":2,"7":0,"8":0,"9":2,"10":0,"11":0,"12":0,"13":0,"14":0,"15":0,"16":0,"17":0,"18":0,"19":0,"20":0,"21":0,"22":2},"f":{"0":0,"1":0},"b":{"0":[0,0],"1":[0,0]},"_coverageSchema":"1a1c01bbd47fc00a2c39e90264f33305004495a9","hash":"d7e4d33e223a1b23080fa4875772926aafb3371e"}
,"E:\\learning\\Udemy.Node.js.The.Complete.Guide.to.Build.RESTful.APIs_p30download.com\\13. Integration Testing\\vidly\\startup\\config.js": {"path":"E:\\learning\\Udemy.Node.js.The.Complete.Guide.to.Build.RESTful.APIs_p30download.com\\13. Integration Testing\\vidly\\startup\\config.js","statementMap":{"0":{"start":{"line":2,"column":15},"end":{"line":2,"column":32}},"1":{"start":{"line":5,"column":0},"end":{"line":9,"column":1}},"2":{"start":{"line":6,"column":4},"end":{"line":8,"column":9}},"3":{"start":{"line":7,"column":8},"end":{"line":7,"column":66}}},"fnMap":{"0":{"name":"(anonymous_0)","decl":{"start":{"line":5,"column":17},"end":{"line":5,"column":18}},"loc":{"start":{"line":5,"column":27},"end":{"line":9,"column":1}},"line":5}},"branchMap":{"0":{"loc":{"start":{"line":6,"column":4},"end":{"line":8,"column":9}},"type":"if","locations":[{"start":{"line":6,"column":4},"end":{"line":8,"column":9}},{"start":{},"end":{}}],"line":6}},"s":{"0":2,"1":2,"2":2,"3":0},"f":{"0":2},"b":{"0":[0,2]},"_coverageSchema":"1a1c01bbd47fc00a2c39e90264f33305004495a9","hash":"58a8dc5decc25ba976c6a45ab7cbbb7574bdb8a2"}
,"E:\\learning\\Udemy.Node.js.The.Complete.Guide.to.Build.RESTful.APIs_p30download.com\\13. Integration Testing\\vidly\\startup\\db.js": {"path":"E:\\learning\\Udemy.Node.js.The.Complete.Guide.to.Build.RESTful.APIs_p30download.com\\13. Integration Testing\\vidly\\startup\\db.js","statementMap":{"0":{"start":{"line":2,"column":16},"end":{"line":2,"column":34}},"1":{"start":{"line":3,"column":17},"end":{"line":3,"column":36}},"2":{"start":{"line":4,"column":15},"end":{"line":4,"column":32}},"3":{"start":{"line":7,"column":0},"end":{"line":10,"column":2}},"4":{"start":{"line":8,"column":4},"end":{"line":9,"column":64}},"5":{"start":{"line":9,"column":15},"end":{"line":9,"column":63}}},"fnMap":{"0":{"name":"(anonymous_0)","decl":{"start":{"line":7,"column":17},"end":{"line":7,"column":18}},"loc":{"start":{"line":7,"column":27},"end":{"line":10,"column":1}},"line":7},"1":{"name":"(anonymous_1)","decl":{"start":{"line":9,"column":10},"end":{"line":9,"column":11}},"loc":{"start":{"line":9,"column":15},"end":{"line":9,"column":63}},"line":9}},"branchMap":{},"s":{"0":2,"1":2,"2":2,"3":2,"4":2,"5":2},"f":{"0":2,"1":2},"b":{},"_coverageSchema":"1a1c01bbd47fc00a2c39e90264f33305004495a9","hash":"93e41a0f016acf3f9c93e789200abeafe3615300"}
,"E:\\learning\\Udemy.Node.js.The.Complete.Guide.to.Build.RESTful.APIs_p30download.com\\13. Integration Testing\\vidly\\startup\\logging.js": {"path":"E:\\learning\\Udemy.Node.js.The.Complete.Guide.to.Build.RESTful.APIs_p30download.com\\13. Integration Testing\\vidly\\startup\\logging.js","statementMap":{"0":{"start":{"line":1,"column":16},"end":{"line":1,"column":34}},"1":{"start":{"line":3,"column":0},"end":{"line":3,"column":32}},"2":{"start":{"line":8,"column":0},"end":{"line":31,"column":1}},"3":{"start":{"line":11,"column":0},"end":{"line":11,"column":66}},"4":{"start":{"line":17,"column":0},"end":{"line":21,"column":3}},"5":{"start":{"line":19,"column":4},"end":{"line":19,"column":34}},"6":{"start":{"line":20,"column":4},"end":{"line":20,"column":20}},"7":{"start":{"line":23,"column":0},"end":{"line":27,"column":3}},"8":{"start":{"line":25,"column":4},"end":{"line":25,"column":34}},"9":{"start":{"line":26,"column":4},"end":{"line":26,"column":20}}},"fnMap":{"0":{"name":"(anonymous_0)","decl":{"start":{"line":8,"column":17},"end":{"line":8,"column":18}},"loc":{"start":{"line":8,"column":27},"end":{"line":31,"column":1}},"line":8},"1":{"name":"(anonymous_1)","decl":{"start":{"line":17,"column":31},"end":{"line":17,"column":32}},"loc":{"start":{"line":17,"column":37},"end":{"line":21,"column":1}},"line":17},"2":{"name":"(anonymous_2)","decl":{"start":{"line":23,"column":32},"end":{"line":23,"column":33}},"loc":{"start":{"line":23,"column":38},"end":{"line":27,"column":1}},"line":23}},"branchMap":{},"s":{"0":2,"1":2,"2":2,"3":2,"4":2,"5":0,"6":0,"7":2,"8":0,"9":0},"f":{"0":2,"1":0,"2":0},"b":{},"_coverageSchema":"1a1c01bbd47fc00a2c39e90264f33305004495a9","hash":"a3fe0a56d792e0d129fa0295268e09e60c205921"}
,"E:\\learning\\Udemy.Node.js.The.Complete.Guide.to.Build.RESTful.APIs_p30download.com\\13. Integration Testing\\vidly\\startup\\route.js": {"path":"E:\\learning\\Udemy.Node.js.The.Complete.Guide.to.Build.RESTful.APIs_p30download.com\\13. Integration Testing\\vidly\\startup\\route.js","statementMap":{"0":{"start":{"line":1,"column":15},"end":{"line":1,"column":42}},"1":{"start":{"line":2,"column":17},"end":{"line":2,"column":46}},"2":{"start":{"line":3,"column":15},"end":{"line":3,"column":42}},"3":{"start":{"line":4,"column":16},"end":{"line":4,"column":44}},"4":{"start":{"line":5,"column":14},"end":{"line":5,"column":40}},"5":{"start":{"line":6,"column":13},"end":{"line":6,"column":38}},"6":{"start":{"line":7,"column":14},"end":{"line":7,"column":44}},"7":{"start":{"line":8,"column":16},"end":{"line":8,"column":34}},"8":{"start":{"line":11,"column":0},"end":{"line":21,"column":1}},"9":{"start":{"line":13,"column":0},"end":{"line":13,"column":24}},"10":{"start":{"line":14,"column":0},"end":{"line":14,"column":31}},"11":{"start":{"line":15,"column":0},"end":{"line":15,"column":35}},"12":{"start":{"line":16,"column":0},"end":{"line":16,"column":30}},"13":{"start":{"line":17,"column":0},"end":{"line":17,"column":32}},"14":{"start":{"line":18,"column":0},"end":{"line":18,"column":28}},"15":{"start":{"line":19,"column":0},"end":{"line":19,"column":26}},"16":{"start":{"line":20,"column":0},"end":{"line":20,"column":15}}},"fnMap":{"0":{"name":"(anonymous_0)","decl":{"start":{"line":11,"column":17},"end":{"line":11,"column":18}},"loc":{"start":{"line":11,"column":30},"end":{"line":21,"column":1}},"line":11}},"branchMap":{},"s":{"0":2,"1":2,"2":2,"3":2,"4":2,"5":2,"6":2,"7":2,"8":2,"9":2,"10":2,"11":2,"12":2,"13":2,"14":2,"15":2,"16":2},"f":{"0":2},"b":{},"_coverageSchema":"1a1c01bbd47fc00a2c39e90264f33305004495a9","hash":"8756f54eb890dda7e40b1e1cea95017615bd5b5c"}
,"E:\\learning\\Udemy.Node.js.The.Complete.Guide.to.Build.RESTful.APIs_p30download.com\\13. Integration Testing\\vidly\\startup\\validation.js": {"path":"E:\\learning\\Udemy.Node.js.The.Complete.Guide.to.Build.RESTful.APIs_p30download.com\\13. Integration Testing\\vidly\\startup\\validation.js","statementMap":{"0":{"start":{"line":1,"column":12},"end":{"line":1,"column":26}},"1":{"start":{"line":3,"column":0},"end":{"line":5,"column":2}},"2":{"start":{"line":4,"column":4},"end":{"line":4,"column":48}}},"fnMap":{"0":{"name":"(anonymous_0)","decl":{"start":{"line":3,"column":17},"end":{"line":3,"column":18}},"loc":{"start":{"line":3,"column":27},"end":{"line":5,"column":1}},"line":3}},"branchMap":{},"s":{"0":2,"1":2,"2":2},"f":{"0":2},"b":{},"_coverageSchema":"1a1c01bbd47fc00a2c39e90264f33305004495a9","hash":"0fc9b26d564b614d5974d49e740d49e984f57b25"}
}
