{"E:\\learning\\Udemy.Node.js.The.Complete.Guide.to.Build.RESTful.APIs_p30download.com\\13. Integration Testing\\movie rental\\index.js": {"path":"E:\\learning\\Udemy.Node.js.The.Complete.Guide.to.Build.RESTful.APIs_p30download.com\\13. Integration Testing\\movie rental\\index.js","statementMap":{"0":{"start":{"line":1,"column":16},"end":{"line":1,"column":34}},"1":{"start":{"line":2,"column":16},"end":{"line":2,"column":34}},"2":{"start":{"line":3,"column":12},"end":{"line":3,"column":21}},"3":{"start":{"line":5,"column":0},"end":{"line":5,"column":31}},"4":{"start":{"line":6,"column":0},"end":{"line":6,"column":30}},"5":{"start":{"line":7,"column":0},"end":{"line":7,"column":31}},"6":{"start":{"line":8,"column":0},"end":{"line":8,"column":26}},"7":{"start":{"line":9,"column":0},"end":{"line":9,"column":34}},"8":{"start":{"line":11,"column":13},"end":{"line":11,"column":37}},"9":{"start":{"line":12,"column":15},"end":{"line":12,"column":83}},"10":{"start":{"line":12,"column":38},"end":{"line":12,"column":82}},"11":{"start":{"line":14,"column":0},"end":{"line":14,"column":22}}},"fnMap":{"0":{"name":"(anonymous_0)","decl":{"start":{"line":12,"column":32},"end":{"line":12,"column":33}},"loc":{"start":{"line":12,"column":38},"end":{"line":12,"column":82}},"line":12}},"branchMap":{"0":{"loc":{"start":{"line":11,"column":13},"end":{"line":11,"column":37}},"type":"binary-expr","locations":[{"start":{"line":11,"column":13},"end":{"line":11,"column":29}},{"start":{"line":11,"column":33},"end":{"line":11,"column":37}}],"line":11}},"s":{"0":3,"1":3,"2":3,"3":3,"4":3,"5":3,"6":3,"7":3,"8":3,"9":3,"10":3,"11":3},"f":{"0":3},"b":{"0":[3,3]},"_coverageSchema":"1a1c01bbd47fc00a2c39e90264f33305004495a9","hash":"4f4f2ed269fc16ce153b0c41f7f434bb83d9ef38"}
,"E:\\learning\\Udemy.Node.js.The.Complete.Guide.to.Build.RESTful.APIs_p30download.com\\13. Integration Testing\\movie rental\\middleware\\admin.js": {"path":"E:\\learning\\Udemy.Node.js.The.Complete.Guide.to.Build.RESTful.APIs_p30download.com\\13. Integration Testing\\movie rental\\middleware\\admin.js","statementMap":{"0":{"start":{"line":1,"column":0},"end":{"line":10,"column":1}},"1":{"start":{"line":6,"column":4},"end":{"line":6,"column":72}},"2":{"start":{"line":6,"column":26},"end":{"line":6,"column":72}},"3":{"start":{"line":8,"column":4},"end":{"line":8,"column":11}}},"fnMap":{"0":{"name":"(anonymous_0)","decl":{"start":{"line":1,"column":17},"end":{"line":1,"column":18}},"loc":{"start":{"line":1,"column":39},"end":{"line":10,"column":1}},"line":1}},"branchMap":{"0":{"loc":{"start":{"line":6,"column":4},"end":{"line":6,"column":72}},"type":"if","locations":[{"start":{"line":6,"column":4},"end":{"line":6,"column":72}},{"start":{},"end":{}}],"line":6}},"s":{"0":3,"1":3,"2":2,"3":1},"f":{"0":3},"b":{"0":[2,1]},"_coverageSchema":"1a1c01bbd47fc00a2c39e90264f33305004495a9","hash":"bd79d8776f790f27d93537fcff1a47e7771382f6"}
,"E:\\learning\\Udemy.Node.js.The.Complete.Guide.to.Build.RESTful.APIs_p30download.com\\13. Integration Testing\\movie rental\\middleware\\async.js": {"path":"E:\\learning\\Udemy.Node.js.The.Complete.Guide.to.Build.RESTful.APIs_p30download.com\\13. Integration Testing\\movie rental\\middleware\\async.js","statementMap":{"0":{"start":{"line":1,"column":0},"end":{"line":10,"column":4}},"1":{"start":{"line":2,"column":4},"end":{"line":9,"column":5}},"2":{"start":{"line":3,"column":6},"end":{"line":8,"column":7}},"3":{"start":{"line":4,"column":8},"end":{"line":4,"column":31}},"4":{"start":{"line":7,"column":8},"end":{"line":7,"column":17}}},"fnMap":{"0":{"name":"asyncMiddleware","decl":{"start":{"line":1,"column":26},"end":{"line":1,"column":41}},"loc":{"start":{"line":1,"column":51},"end":{"line":10,"column":3}},"line":1},"1":{"name":"(anonymous_1)","decl":{"start":{"line":2,"column":11},"end":{"line":2,"column":12}},"loc":{"start":{"line":2,"column":35},"end":{"line":9,"column":5}},"line":2}},"branchMap":{},"s":{"0":3,"1":6,"2":13,"3":13,"4":0},"f":{"0":6,"1":13},"b":{},"_coverageSchema":"1a1c01bbd47fc00a2c39e90264f33305004495a9","hash":"61dcd7bce7166c1f17e1225881d45557f1f7f96e"}
,"E:\\learning\\Udemy.Node.js.The.Complete.Guide.to.Build.RESTful.APIs_p30download.com\\13. Integration Testing\\movie rental\\middleware\\auth.js": {"path":"E:\\learning\\Udemy.Node.js.The.Complete.Guide.to.Build.RESTful.APIs_p30download.com\\13. Integration Testing\\movie rental\\middleware\\auth.js","statementMap":{"0":{"start":{"line":1,"column":12},"end":{"line":1,"column":35}},"1":{"start":{"line":2,"column":15},"end":{"line":2,"column":32}},"2":{"start":{"line":5,"column":18},"end":{"line":5,"column":44}},"3":{"start":{"line":6,"column":4},"end":{"line":6,"column":80}},"4":{"start":{"line":6,"column":15},"end":{"line":6,"column":80}},"5":{"start":{"line":8,"column":4},"end":{"line":15,"column":5}},"6":{"start":{"line":9,"column":20},"end":{"line":9,"column":66}},"7":{"start":{"line":10,"column":4},"end":{"line":10,"column":23}},"8":{"start":{"line":11,"column":4},"end":{"line":11,"column":11}},"9":{"start":{"line":14,"column":8},"end":{"line":14,"column":47}},"10":{"start":{"line":17,"column":0},"end":{"line":17,"column":22}}},"fnMap":{"0":{"name":"auth","decl":{"start":{"line":4,"column":9},"end":{"line":4,"column":13}},"loc":{"start":{"line":4,"column":27},"end":{"line":16,"column":1}},"line":4}},"branchMap":{"0":{"loc":{"start":{"line":6,"column":4},"end":{"line":6,"column":80}},"type":"if","locations":[{"start":{"line":6,"column":4},"end":{"line":6,"column":80}},{"start":{},"end":{}}],"line":6}},"s":{"0":4,"1":4,"2":29,"3":29,"4":3,"5":26,"6":26,"7":25,"8":25,"9":1,"10":4},"f":{"0":29},"b":{"0":[3,26]},"_coverageSchema":"1a1c01bbd47fc00a2c39e90264f33305004495a9","hash":"6eafb2839f4924dfb3a01adc727c04e2273ffb37"}
,"E:\\learning\\Udemy.Node.js.The.Complete.Guide.to.Build.RESTful.APIs_p30download.com\\13. Integration Testing\\movie rental\\middleware\\error.js": {"path":"E:\\learning\\Udemy.Node.js.The.Complete.Guide.to.Build.RESTful.APIs_p30download.com\\13. Integration Testing\\movie rental\\middleware\\error.js","statementMap":{"0":{"start":{"line":1,"column":16},"end":{"line":1,"column":34}},"1":{"start":{"line":4,"column":0},"end":{"line":16,"column":1}},"2":{"start":{"line":6,"column":4},"end":{"line":6,"column":35}},"3":{"start":{"line":7,"column":4},"end":{"line":7,"column":46}}},"fnMap":{"0":{"name":"(anonymous_0)","decl":{"start":{"line":4,"column":17},"end":{"line":4,"column":18}},"loc":{"start":{"line":4,"column":43},"end":{"line":16,"column":1}},"line":4}},"branchMap":{},"s":{"0":3,"1":3,"2":0,"3":0},"f":{"0":0},"b":{},"_coverageSchema":"1a1c01bbd47fc00a2c39e90264f33305004495a9","hash":"6b55d28ec6e581346209cb02cbd067eaa2106cf3"}
,"E:\\learning\\Udemy.Node.js.The.Complete.Guide.to.Build.RESTful.APIs_p30download.com\\13. Integration Testing\\movie rental\\middleware\\validate.js": {"path":"E:\\learning\\Udemy.Node.js.The.Complete.Guide.to.Build.RESTful.APIs_p30download.com\\13. Integration Testing\\movie rental\\middleware\\validate.js","statementMap":{"0":{"start":{"line":1,"column":0},"end":{"line":7,"column":2}},"1":{"start":{"line":2,"column":4},"end":{"line":6,"column":6}},"2":{"start":{"line":3,"column":26},"end":{"line":3,"column":45}},"3":{"start":{"line":4,"column":8},"end":{"line":4,"column":73}},"4":{"start":{"line":4,"column":19},"end":{"line":4,"column":73}},"5":{"start":{"line":5,"column":8},"end":{"line":5,"column":14}}},"fnMap":{"0":{"name":"(anonymous_0)","decl":{"start":{"line":1,"column":17},"end":{"line":1,"column":18}},"loc":{"start":{"line":1,"column":30},"end":{"line":7,"column":1}},"line":1},"1":{"name":"(anonymous_1)","decl":{"start":{"line":2,"column":11},"end":{"line":2,"column":12}},"loc":{"start":{"line":2,"column":27},"end":{"line":6,"column":5}},"line":2}},"branchMap":{"0":{"loc":{"start":{"line":4,"column":8},"end":{"line":4,"column":73}},"type":"if","locations":[{"start":{"line":4,"column":8},"end":{"line":4,"column":73}},{"start":{},"end":{}}],"line":4}},"s":{"0":3,"1":3,"2":9,"3":9,"4":2,"5":7},"f":{"0":3,"1":9},"b":{"0":[2,7]},"_coverageSchema":"1a1c01bbd47fc00a2c39e90264f33305004495a9","hash":"2e2b982b95bd3157b8c23c22ded7c16f2d0329cf"}
,"E:\\learning\\Udemy.Node.js.The.Complete.Guide.to.Build.RESTful.APIs_p30download.com\\13. Integration Testing\\movie rental\\middleware\\validateObjectId.js": {"path":"E:\\learning\\Udemy.Node.js.The.Complete.Guide.to.Build.RESTful.APIs_p30download.com\\13. Integration Testing\\movie rental\\middleware\\validateObjectId.js","statementMap":{"0":{"start":{"line":1,"column":18},"end":{"line":1,"column":37}},"1":{"start":{"line":3,"column":0},"end":{"line":10,"column":1}},"2":{"start":{"line":5,"column":4},"end":{"line":6,"column":48}},"3":{"start":{"line":6,"column":6},"end":{"line":6,"column":48}},"4":{"start":{"line":8,"column":4},"end":{"line":8,"column":11}}},"fnMap":{"0":{"name":"(anonymous_0)","decl":{"start":{"line":3,"column":17},"end":{"line":3,"column":18}},"loc":{"start":{"line":3,"column":39},"end":{"line":10,"column":1}},"line":3}},"branchMap":{"0":{"loc":{"start":{"line":5,"column":4},"end":{"line":6,"column":48}},"type":"if","locations":[{"start":{"line":5,"column":4},"end":{"line":6,"column":48}},{"start":{},"end":{}}],"line":5}},"s":{"0":3,"1":3,"2":3,"3":1,"4":2},"f":{"0":3},"b":{"0":[1,2]},"_coverageSchema":"1a1c01bbd47fc00a2c39e90264f33305004495a9","hash":"fc110f994e73684d3e3ab7b8721adffd482bf4c0"}
,"E:\\learning\\Udemy.Node.js.The.Complete.Guide.to.Build.RESTful.APIs_p30download.com\\13. Integration Testing\\movie rental\\models\\customer.js": {"path":"E:\\learning\\Udemy.Node.js.The.Complete.Guide.to.Build.RESTful.APIs_p30download.com\\13. Integration Testing\\movie rental\\models\\customer.js","statementMap":{"0":{"start":{"line":1,"column":17},"end":{"line":1,"column":36}},"1":{"start":{"line":2,"column":12},"end":{"line":2,"column":26}},"2":{"start":{"line":4,"column":23},"end":{"line":20,"column":4}},"3":{"start":{"line":22,"column":19},"end":{"line":22,"column":61}},"4":{"start":{"line":25,"column":19},"end":{"line":29,"column":5}},"5":{"start":{"line":31,"column":4},"end":{"line":31,"column":42}},"6":{"start":{"line":34,"column":0},"end":{"line":34,"column":28}},"7":{"start":{"line":35,"column":0},"end":{"line":35,"column":36}}},"fnMap":{"0":{"name":"validateCustomer","decl":{"start":{"line":24,"column":11},"end":{"line":24,"column":27}},"loc":{"start":{"line":24,"column":38},"end":{"line":32,"column":3}},"line":24}},"branchMap":{},"s":{"0":3,"1":3,"2":3,"3":3,"4":0,"5":0,"6":3,"7":3},"f":{"0":0},"b":{},"_coverageSchema":"1a1c01bbd47fc00a2c39e90264f33305004495a9","hash":"d086bc6ff022b4a926d76618f3d10e6eb4f5c3ae"}
,"E:\\learning\\Udemy.Node.js.The.Complete.Guide.to.Build.RESTful.APIs_p30download.com\\13. Integration Testing\\movie rental\\models\\genre.js": {"path":"E:\\learning\\Udemy.Node.js.The.Complete.Guide.to.Build.RESTful.APIs_p30download.com\\13. Integration Testing\\movie rental\\models\\genre.js","statementMap":{"0":{"start":{"line":1,"column":17},"end":{"line":1,"column":36}},"1":{"start":{"line":2,"column":12},"end":{"line":2,"column":26}},"2":{"start":{"line":5,"column":20},"end":{"line":11,"column":2}},"3":{"start":{"line":13,"column":14},"end":{"line":13,"column":50}},"4":{"start":{"line":17,"column":19},"end":{"line":19,"column":5}},"5":{"start":{"line":21,"column":4},"end":{"line":21,"column":39}},"6":{"start":{"line":24,"column":2},"end":{"line":24,"column":35}},"7":{"start":{"line":25,"column":0},"end":{"line":25,"column":22}},"8":{"start":{"line":26,"column":0},"end":{"line":26,"column":33}}},"fnMap":{"0":{"name":"validateGenre","decl":{"start":{"line":16,"column":9},"end":{"line":16,"column":22}},"loc":{"start":{"line":16,"column":30},"end":{"line":22,"column":3}},"line":16}},"branchMap":{},"s":{"0":3,"1":3,"2":3,"3":3,"4":15,"5":15,"6":3,"7":3,"8":3},"f":{"0":15},"b":{},"_coverageSchema":"1a1c01bbd47fc00a2c39e90264f33305004495a9","hash":"9e3034aabfb680b455527ed51deb4a654cc181a2"}
,"E:\\learning\\Udemy.Node.js.The.Complete.Guide.to.Build.RESTful.APIs_p30download.com\\13. Integration Testing\\movie rental\\models\\movie.js": {"path":"E:\\learning\\Udemy.Node.js.The.Complete.Guide.to.Build.RESTful.APIs_p30download.com\\13. Integration Testing\\movie rental\\models\\movie.js","statementMap":{"0":{"start":{"line":1,"column":17},"end":{"line":1,"column":36}},"1":{"start":{"line":2,"column":12},"end":{"line":2,"column":26}},"2":{"start":{"line":3,"column":20},"end":{"line":3,"column":38}},"3":{"start":{"line":5,"column":20},"end":{"line":23,"column":4}},"4":{"start":{"line":25,"column":16},"end":{"line":25,"column":52}},"5":{"start":{"line":28,"column":19},"end":{"line":33,"column":5}},"6":{"start":{"line":35,"column":4},"end":{"line":35,"column":39}},"7":{"start":{"line":38,"column":0},"end":{"line":38,"column":22}},"8":{"start":{"line":39,"column":0},"end":{"line":39,"column":33}}},"fnMap":{"0":{"name":"validateMovie","decl":{"start":{"line":27,"column":11},"end":{"line":27,"column":24}},"loc":{"start":{"line":27,"column":32},"end":{"line":36,"column":3}},"line":27}},"branchMap":{},"s":{"0":3,"1":3,"2":3,"3":3,"4":3,"5":0,"6":0,"7":3,"8":3},"f":{"0":0},"b":{},"_coverageSchema":"1a1c01bbd47fc00a2c39e90264f33305004495a9","hash":"76c73fd4709c66fb21ba0e4dacb4a5f7ff22c316"}
,"E:\\learning\\Udemy.Node.js.The.Complete.Guide.to.Build.RESTful.APIs_p30download.com\\13. Integration Testing\\movie rental\\models\\rental.js": {"path":"E:\\learning\\Udemy.Node.js.The.Complete.Guide.to.Build.RESTful.APIs_p30download.com\\13. Integration Testing\\movie rental\\models\\rental.js","statementMap":{"0":{"start":{"line":1,"column":17},"end":{"line":1,"column":36}},"1":{"start":{"line":2,"column":12},"end":{"line":2,"column":26}},"2":{"start":{"line":3,"column":15},"end":{"line":3,"column":32}},"3":{"start":{"line":6,"column":21},"end":{"line":50,"column":4}},"4":{"start":{"line":52,"column":2},"end":{"line":57,"column":4}},"5":{"start":{"line":53,"column":4},"end":{"line":56,"column":7}},"6":{"start":{"line":59,"column":2},"end":{"line":64,"column":4}},"7":{"start":{"line":60,"column":4},"end":{"line":60,"column":33}},"8":{"start":{"line":62,"column":23},"end":{"line":62,"column":57}},"9":{"start":{"line":63,"column":4},"end":{"line":63,"column":61}},"10":{"start":{"line":66,"column":17},"end":{"line":66,"column":56}},"11":{"start":{"line":69,"column":19},"end":{"line":72,"column":5}},"12":{"start":{"line":74,"column":4},"end":{"line":74,"column":40}},"13":{"start":{"line":77,"column":0},"end":{"line":77,"column":24}},"14":{"start":{"line":78,"column":0},"end":{"line":78,"column":34}}},"fnMap":{"0":{"name":"(anonymous_0)","decl":{"start":{"line":52,"column":32},"end":{"line":52,"column":33}},"loc":{"start":{"line":52,"column":61},"end":{"line":57,"column":3}},"line":52},"1":{"name":"(anonymous_1)","decl":{"start":{"line":59,"column":32},"end":{"line":59,"column":33}},"loc":{"start":{"line":59,"column":42},"end":{"line":64,"column":3}},"line":59},"2":{"name":"validateRental","decl":{"start":{"line":68,"column":11},"end":{"line":68,"column":25}},"loc":{"start":{"line":68,"column":34},"end":{"line":75,"column":3}},"line":68}},"branchMap":{},"s":{"0":3,"1":3,"2":3,"3":3,"4":3,"5":7,"6":3,"7":5,"8":5,"9":5,"10":3,"11":0,"12":0,"13":3,"14":3},"f":{"0":7,"1":5,"2":0},"b":{},"_coverageSchema":"1a1c01bbd47fc00a2c39e90264f33305004495a9","hash":"0bc1d939f098ae71fef83dc102112a496a65eb76"}
,"E:\\learning\\Udemy.Node.js.The.Complete.Guide.to.Build.RESTful.APIs_p30download.com\\13. Integration Testing\\movie rental\\models\\user.js": {"path":"E:\\learning\\Udemy.Node.js.The.Complete.Guide.to.Build.RESTful.APIs_p30download.com\\13. Integration Testing\\movie rental\\models\\user.js","statementMap":{"0":{"start":{"line":1,"column":17},"end":{"line":1,"column":36}},"1":{"start":{"line":2,"column":12},"end":{"line":2,"column":26}},"2":{"start":{"line":3,"column":12},"end":{"line":3,"column":35}},"3":{"start":{"line":4,"column":15},"end":{"line":4,"column":32}},"4":{"start":{"line":6,"column":19},"end":{"line":28,"column":4}},"5":{"start":{"line":29,"column":2},"end":{"line":33,"column":3}},"6":{"start":{"line":31,"column":18},"end":{"line":31,"column":91}},"7":{"start":{"line":32,"column":4},"end":{"line":32,"column":17}},"8":{"start":{"line":35,"column":15},"end":{"line":35,"column":50}},"9":{"start":{"line":38,"column":19},"end":{"line":42,"column":5}},"10":{"start":{"line":44,"column":4},"end":{"line":44,"column":38}},"11":{"start":{"line":47,"column":0},"end":{"line":47,"column":20}},"12":{"start":{"line":48,"column":0},"end":{"line":48,"column":32}}},"fnMap":{"0":{"name":"(anonymous_0)","decl":{"start":{"line":29,"column":40},"end":{"line":29,"column":41}},"loc":{"start":{"line":29,"column":50},"end":{"line":33,"column":3}},"line":29},"1":{"name":"validateUser","decl":{"start":{"line":37,"column":11},"end":{"line":37,"column":23}},"loc":{"start":{"line":37,"column":30},"end":{"line":45,"column":3}},"line":37}},"branchMap":{},"s":{"0":5,"1":5,"2":5,"3":5,"4":5,"5":5,"6":27,"7":27,"8":5,"9":0,"10":0,"11":5,"12":5},"f":{"0":27,"1":0},"b":{},"_coverageSchema":"1a1c01bbd47fc00a2c39e90264f33305004495a9","hash":"533bae2d0ec5db51e42f2c9bd8dfd7cdbbcebc43"}
,"E:\\learning\\Udemy.Node.js.The.Complete.Guide.to.Build.RESTful.APIs_p30download.com\\13. Integration Testing\\movie rental\\routes\\auth.js": {"path":"E:\\learning\\Udemy.Node.js.The.Complete.Guide.to.Build.RESTful.APIs_p30download.com\\13. Integration Testing\\movie rental\\routes\\auth.js","statementMap":{"0":{"start":{"line":1,"column":16},"end":{"line":1,"column":34}},"1":{"start":{"line":2,"column":15},"end":{"line":2,"column":31}},"2":{"start":{"line":3,"column":14},"end":{"line":3,"column":39}},"3":{"start":{"line":4,"column":15},"end":{"line":4,"column":32}},"4":{"start":{"line":5,"column":12},"end":{"line":5,"column":26}},"5":{"start":{"line":6,"column":10},"end":{"line":6,"column":27}},"6":{"start":{"line":11,"column":0},"end":{"line":27,"column":5}},"7":{"start":{"line":12,"column":22},"end":{"line":12,"column":40}},"8":{"start":{"line":13,"column":4},"end":{"line":13,"column":69}},"9":{"start":{"line":13,"column":15},"end":{"line":13,"column":69}},"10":{"start":{"line":15,"column":15},"end":{"line":15,"column":58}},"11":{"start":{"line":16,"column":4},"end":{"line":16,"column":75}},"12":{"start":{"line":16,"column":14},"end":{"line":16,"column":75}},"13":{"start":{"line":18,"column":26},"end":{"line":18,"column":80}},"14":{"start":{"line":20,"column":4},"end":{"line":20,"column":84}},"15":{"start":{"line":20,"column":23},"end":{"line":20,"column":84}},"16":{"start":{"line":22,"column":18},"end":{"line":22,"column":42}},"17":{"start":{"line":24,"column":4},"end":{"line":24,"column":83}},"18":{"start":{"line":30,"column":19},"end":{"line":33,"column":5}},"19":{"start":{"line":35,"column":4},"end":{"line":35,"column":38}},"20":{"start":{"line":39,"column":0},"end":{"line":39,"column":24}}},"fnMap":{"0":{"name":"(anonymous_0)","decl":{"start":{"line":11,"column":17},"end":{"line":11,"column":18}},"loc":{"start":{"line":11,"column":37},"end":{"line":27,"column":3}},"line":11},"1":{"name":"validate","decl":{"start":{"line":29,"column":11},"end":{"line":29,"column":19}},"loc":{"start":{"line":29,"column":26},"end":{"line":36,"column":3}},"line":29}},"branchMap":{"0":{"loc":{"start":{"line":13,"column":4},"end":{"line":13,"column":69}},"type":"if","locations":[{"start":{"line":13,"column":4},"end":{"line":13,"column":69}},{"start":{},"end":{}}],"line":13},"1":{"loc":{"start":{"line":16,"column":4},"end":{"line":16,"column":75}},"type":"if","locations":[{"start":{"line":16,"column":4},"end":{"line":16,"column":75}},{"start":{},"end":{}}],"line":16},"2":{"loc":{"start":{"line":20,"column":4},"end":{"line":20,"column":84}},"type":"if","locations":[{"start":{"line":20,"column":4},"end":{"line":20,"column":84}},{"start":{},"end":{}}],"line":20}},"s":{"0":3,"1":3,"2":3,"3":3,"4":3,"5":3,"6":3,"7":0,"8":0,"9":0,"10":0,"11":0,"12":0,"13":0,"14":0,"15":0,"16":0,"17":0,"18":0,"19":0,"20":3},"f":{"0":0,"1":0},"b":{"0":[0,0],"1":[0,0],"2":[0,0]},"_coverageSchema":"1a1c01bbd47fc00a2c39e90264f33305004495a9","hash":"5454a5782a1509ebee7f37bf7d9ac9100a472a10"}
,"E:\\learning\\Udemy.Node.js.The.Complete.Guide.to.Build.RESTful.APIs_p30download.com\\13. Integration Testing\\movie rental\\routes\\customer.js": {"path":"E:\\learning\\Udemy.Node.js.The.Complete.Guide.to.Build.RESTful.APIs_p30download.com\\13. Integration Testing\\movie rental\\routes\\customer.js","statementMap":{"0":{"start":{"line":1,"column":16},"end":{"line":1,"column":34}},"1":{"start":{"line":2,"column":15},"end":{"line":2,"column":31}},"2":{"start":{"line":3,"column":27},"end":{"line":3,"column":56}},"3":{"start":{"line":6,"column":0},"end":{"line":10,"column":3}},"4":{"start":{"line":8,"column":20},"end":{"line":8,"column":54}},"5":{"start":{"line":9,"column":2},"end":{"line":9,"column":22}},"6":{"start":{"line":12,"column":0},"end":{"line":24,"column":3}},"7":{"start":{"line":13,"column":20},"end":{"line":13,"column":38}},"8":{"start":{"line":14,"column":2},"end":{"line":14,"column":67}},"9":{"start":{"line":14,"column":13},"end":{"line":14,"column":67}},"10":{"start":{"line":16,"column":19},"end":{"line":20,"column":4}},"11":{"start":{"line":22,"column":15},"end":{"line":22,"column":36}},"12":{"start":{"line":23,"column":0},"end":{"line":23,"column":17}},"13":{"start":{"line":26,"column":0},"end":{"line":45,"column":3}},"14":{"start":{"line":27,"column":20},"end":{"line":27,"column":38}},"15":{"start":{"line":28,"column":2},"end":{"line":28,"column":67}},"16":{"start":{"line":28,"column":13},"end":{"line":28,"column":67}},"17":{"start":{"line":30,"column":19},"end":{"line":40,"column":6}},"18":{"start":{"line":42,"column":2},"end":{"line":42,"column":94}},"19":{"start":{"line":42,"column":17},"end":{"line":42,"column":94}},"20":{"start":{"line":44,"column":2},"end":{"line":44,"column":21}},"21":{"start":{"line":47,"column":0},"end":{"line":52,"column":3}},"22":{"start":{"line":48,"column":19},"end":{"line":48,"column":66}},"23":{"start":{"line":49,"column":2},"end":{"line":49,"column":94}},"24":{"start":{"line":49,"column":17},"end":{"line":49,"column":94}},"25":{"start":{"line":51,"column":2},"end":{"line":51,"column":21}},"26":{"start":{"line":54,"column":0},"end":{"line":59,"column":3}},"27":{"start":{"line":55,"column":19},"end":{"line":55,"column":57}},"28":{"start":{"line":56,"column":2},"end":{"line":56,"column":94}},"29":{"start":{"line":56,"column":17},"end":{"line":56,"column":94}},"30":{"start":{"line":58,"column":2},"end":{"line":58,"column":21}},"31":{"start":{"line":62,"column":0},"end":{"line":62,"column":24}}},"fnMap":{"0":{"name":"(anonymous_0)","decl":{"start":{"line":6,"column":16},"end":{"line":6,"column":17}},"loc":{"start":{"line":6,"column":36},"end":{"line":10,"column":1}},"line":6},"1":{"name":"(anonymous_1)","decl":{"start":{"line":12,"column":17},"end":{"line":12,"column":18}},"loc":{"start":{"line":12,"column":37},"end":{"line":24,"column":1}},"line":12},"2":{"name":"(anonymous_2)","decl":{"start":{"line":26,"column":19},"end":{"line":26,"column":20}},"loc":{"start":{"line":26,"column":39},"end":{"line":45,"column":1}},"line":26},"3":{"name":"(anonymous_3)","decl":{"start":{"line":47,"column":22},"end":{"line":47,"column":23}},"loc":{"start":{"line":47,"column":42},"end":{"line":52,"column":1}},"line":47},"4":{"name":"(anonymous_4)","decl":{"start":{"line":54,"column":19},"end":{"line":54,"column":20}},"loc":{"start":{"line":54,"column":39},"end":{"line":59,"column":1}},"line":54}},"branchMap":{"0":{"loc":{"start":{"line":14,"column":2},"end":{"line":14,"column":67}},"type":"if","locations":[{"start":{"line":14,"column":2},"end":{"line":14,"column":67}},{"start":{},"end":{}}],"line":14},"1":{"loc":{"start":{"line":28,"column":2},"end":{"line":28,"column":67}},"type":"if","locations":[{"start":{"line":28,"column":2},"end":{"line":28,"column":67}},{"start":{},"end":{}}],"line":28},"2":{"loc":{"start":{"line":42,"column":2},"end":{"line":42,"column":94}},"type":"if","locations":[{"start":{"line":42,"column":2},"end":{"line":42,"column":94}},{"start":{},"end":{}}],"line":42},"3":{"loc":{"start":{"line":49,"column":2},"end":{"line":49,"column":94}},"type":"if","locations":[{"start":{"line":49,"column":2},"end":{"line":49,"column":94}},{"start":{},"end":{}}],"line":49},"4":{"loc":{"start":{"line":56,"column":2},"end":{"line":56,"column":94}},"type":"if","locations":[{"start":{"line":56,"column":2},"end":{"line":56,"column":94}},{"start":{},"end":{}}],"line":56}},"s":{"0":3,"1":3,"2":3,"3":3,"4":0,"5":0,"6":3,"7":0,"8":0,"9":0,"10":0,"11":0,"12":0,"13":3,"14":0,"15":0,"16":0,"17":0,"18":0,"19":0,"20":0,"21":3,"22":0,"23":0,"24":0,"25":0,"26":3,"27":0,"28":0,"29":0,"30":0,"31":3},"f":{"0":0,"1":0,"2":0,"3":0,"4":0},"b":{"0":[0,0],"1":[0,0],"2":[0,0],"3":[0,0],"4":[0,0]},"_coverageSchema":"1a1c01bbd47fc00a2c39e90264f33305004495a9","hash":"95bb19cb599bc25d806eb6bc36e2fbde4adf82d8"}
,"E:\\learning\\Udemy.Node.js.The.Complete.Guide.to.Build.RESTful.APIs_p30download.com\\13. Integration Testing\\movie rental\\routes\\genres.js": {"path":"E:\\learning\\Udemy.Node.js.The.Complete.Guide.to.Build.RESTful.APIs_p30download.com\\13. Integration Testing\\movie rental\\routes\\genres.js","statementMap":{"0":{"start":{"line":1,"column":16},"end":{"line":1,"column":34}},"1":{"start":{"line":2,"column":15},"end":{"line":2,"column":31}},"2":{"start":{"line":3,"column":24},"end":{"line":3,"column":50}},"3":{"start":{"line":4,"column":13},"end":{"line":4,"column":42}},"4":{"start":{"line":5,"column":14},"end":{"line":5,"column":44}},"5":{"start":{"line":6,"column":25},"end":{"line":6,"column":66}},"6":{"start":{"line":7,"column":24},"end":{"line":7,"column":54}},"7":{"start":{"line":8,"column":30},"end":{"line":8,"column":49}},"8":{"start":{"line":13,"column":0},"end":{"line":16,"column":4}},"9":{"start":{"line":14,"column":17},"end":{"line":14,"column":48}},"10":{"start":{"line":15,"column":2},"end":{"line":15,"column":19}},"11":{"start":{"line":18,"column":0},"end":{"line":29,"column":4}},"12":{"start":{"line":19,"column":20},"end":{"line":19,"column":38}},"13":{"start":{"line":20,"column":2},"end":{"line":20,"column":67}},"14":{"start":{"line":20,"column":13},"end":{"line":20,"column":67}},"15":{"start":{"line":22,"column":16},"end":{"line":24,"column":4}},"16":{"start":{"line":26,"column":17},"end":{"line":26,"column":35}},"17":{"start":{"line":27,"column":2},"end":{"line":27,"column":19}},"18":{"start":{"line":31,"column":0},"end":{"line":44,"column":3}},"19":{"start":{"line":32,"column":20},"end":{"line":32,"column":38}},"20":{"start":{"line":33,"column":2},"end":{"line":33,"column":67}},"21":{"start":{"line":33,"column":13},"end":{"line":33,"column":67}},"22":{"start":{"line":35,"column":16},"end":{"line":39,"column":15}},"23":{"start":{"line":41,"column":2},"end":{"line":41,"column":88}},"24":{"start":{"line":41,"column":14},"end":{"line":41,"column":88}},"25":{"start":{"line":43,"column":2},"end":{"line":43,"column":18}},"26":{"start":{"line":46,"column":0},"end":{"line":51,"column":3}},"27":{"start":{"line":47,"column":16},"end":{"line":47,"column":60}},"28":{"start":{"line":48,"column":2},"end":{"line":48,"column":88}},"29":{"start":{"line":48,"column":14},"end":{"line":48,"column":88}},"30":{"start":{"line":50,"column":2},"end":{"line":50,"column":18}},"31":{"start":{"line":53,"column":0},"end":{"line":59,"column":3}},"32":{"start":{"line":54,"column":16},"end":{"line":54,"column":51}},"33":{"start":{"line":56,"column":2},"end":{"line":56,"column":88}},"34":{"start":{"line":56,"column":14},"end":{"line":56,"column":88}},"35":{"start":{"line":58,"column":2},"end":{"line":58,"column":18}},"36":{"start":{"line":61,"column":0},"end":{"line":61,"column":24}}},"fnMap":{"0":{"name":"(anonymous_0)","decl":{"start":{"line":13,"column":32},"end":{"line":13,"column":33}},"loc":{"start":{"line":13,"column":51},"end":{"line":16,"column":1}},"line":13},"1":{"name":"(anonymous_1)","decl":{"start":{"line":18,"column":38},"end":{"line":18,"column":39}},"loc":{"start":{"line":18,"column":58},"end":{"line":29,"column":1}},"line":18},"2":{"name":"(anonymous_2)","decl":{"start":{"line":31,"column":19},"end":{"line":31,"column":20}},"loc":{"start":{"line":31,"column":39},"end":{"line":44,"column":1}},"line":31},"3":{"name":"(anonymous_3)","decl":{"start":{"line":46,"column":35},"end":{"line":46,"column":36}},"loc":{"start":{"line":46,"column":55},"end":{"line":51,"column":1}},"line":46},"4":{"name":"(anonymous_4)","decl":{"start":{"line":53,"column":36},"end":{"line":53,"column":37}},"loc":{"start":{"line":53,"column":56},"end":{"line":59,"column":1}},"line":53}},"branchMap":{"0":{"loc":{"start":{"line":20,"column":2},"end":{"line":20,"column":67}},"type":"if","locations":[{"start":{"line":20,"column":2},"end":{"line":20,"column":67}},{"start":{},"end":{}}],"line":20},"1":{"loc":{"start":{"line":33,"column":2},"end":{"line":33,"column":67}},"type":"if","locations":[{"start":{"line":33,"column":2},"end":{"line":33,"column":67}},{"start":{},"end":{}}],"line":33},"2":{"loc":{"start":{"line":41,"column":2},"end":{"line":41,"column":88}},"type":"if","locations":[{"start":{"line":41,"column":2},"end":{"line":41,"column":88}},{"start":{},"end":{}}],"line":41},"3":{"loc":{"start":{"line":48,"column":2},"end":{"line":48,"column":88}},"type":"if","locations":[{"start":{"line":48,"column":2},"end":{"line":48,"column":88}},{"start":{},"end":{}}],"line":48},"4":{"loc":{"start":{"line":56,"column":2},"end":{"line":56,"column":88}},"type":"if","locations":[{"start":{"line":56,"column":2},"end":{"line":56,"column":88}},{"start":{},"end":{}}],"line":56}},"s":{"0":3,"1":3,"2":3,"3":3,"4":3,"5":3,"6":3,"7":3,"8":3,"9":1,"10":1,"11":3,"12":12,"13":12,"14":2,"15":10,"16":10,"17":10,"18":3,"19":3,"20":3,"21":1,"22":2,"23":2,"24":1,"25":1,"26":3,"27":1,"28":1,"29":0,"30":1,"31":3,"32":2,"33":2,"34":1,"35":1,"36":3},"f":{"0":1,"1":12,"2":3,"3":1,"4":2},"b":{"0":[2,10],"1":[1,2],"2":[1,1],"3":[0,1],"4":[1,1]},"_coverageSchema":"1a1c01bbd47fc00a2c39e90264f33305004495a9","hash":"d5dd0894a630cc507e94b0403bf6e78e70b42d86"}
,"E:\\learning\\Udemy.Node.js.The.Complete.Guide.to.Build.RESTful.APIs_p30download.com\\13. Integration Testing\\movie rental\\routes\\movies.js": {"path":"E:\\learning\\Udemy.Node.js.The.Complete.Guide.to.Build.RESTful.APIs_p30download.com\\13. Integration Testing\\movie rental\\routes\\movies.js","statementMap":{"0":{"start":{"line":1,"column":16},"end":{"line":1,"column":34}},"1":{"start":{"line":2,"column":15},"end":{"line":2,"column":31}},"2":{"start":{"line":3,"column":24},"end":{"line":3,"column":50}},"3":{"start":{"line":4,"column":15},"end":{"line":4,"column":41}},"4":{"start":{"line":7,"column":0},"end":{"line":11,"column":3}},"5":{"start":{"line":9,"column":17},"end":{"line":9,"column":48}},"6":{"start":{"line":10,"column":2},"end":{"line":10,"column":19}},"7":{"start":{"line":13,"column":0},"end":{"line":32,"column":3}},"8":{"start":{"line":14,"column":20},"end":{"line":14,"column":38}},"9":{"start":{"line":15,"column":2},"end":{"line":15,"column":67}},"10":{"start":{"line":15,"column":13},"end":{"line":15,"column":67}},"11":{"start":{"line":17,"column":16},"end":{"line":17,"column":54}},"12":{"start":{"line":18,"column":2},"end":{"line":18,"column":71}},"13":{"start":{"line":18,"column":13},"end":{"line":18,"column":71}},"14":{"start":{"line":20,"column":16},"end":{"line":28,"column":4}},"15":{"start":{"line":30,"column":0},"end":{"line":30,"column":18}},"16":{"start":{"line":31,"column":0},"end":{"line":31,"column":16}},"17":{"start":{"line":34,"column":0},"end":{"line":60,"column":3}},"18":{"start":{"line":35,"column":20},"end":{"line":35,"column":38}},"19":{"start":{"line":36,"column":2},"end":{"line":36,"column":67}},"20":{"start":{"line":36,"column":13},"end":{"line":36,"column":67}},"21":{"start":{"line":38,"column":16},"end":{"line":38,"column":54}},"22":{"start":{"line":39,"column":2},"end":{"line":39,"column":71}},"23":{"start":{"line":39,"column":13},"end":{"line":39,"column":71}},"24":{"start":{"line":41,"column":16},"end":{"line":55,"column":6}},"25":{"start":{"line":57,"column":2},"end":{"line":57,"column":88}},"26":{"start":{"line":57,"column":14},"end":{"line":57,"column":88}},"27":{"start":{"line":59,"column":2},"end":{"line":59,"column":18}},"28":{"start":{"line":62,"column":0},"end":{"line":67,"column":3}},"29":{"start":{"line":63,"column":16},"end":{"line":63,"column":60}},"30":{"start":{"line":64,"column":2},"end":{"line":64,"column":88}},"31":{"start":{"line":64,"column":14},"end":{"line":64,"column":88}},"32":{"start":{"line":66,"column":2},"end":{"line":66,"column":18}},"33":{"start":{"line":69,"column":0},"end":{"line":74,"column":3}},"34":{"start":{"line":70,"column":16},"end":{"line":70,"column":51}},"35":{"start":{"line":71,"column":2},"end":{"line":71,"column":88}},"36":{"start":{"line":71,"column":14},"end":{"line":71,"column":88}},"37":{"start":{"line":73,"column":2},"end":{"line":73,"column":18}},"38":{"start":{"line":77,"column":0},"end":{"line":77,"column":24}}},"fnMap":{"0":{"name":"(anonymous_0)","decl":{"start":{"line":7,"column":16},"end":{"line":7,"column":17}},"loc":{"start":{"line":7,"column":36},"end":{"line":11,"column":1}},"line":7},"1":{"name":"(anonymous_1)","decl":{"start":{"line":13,"column":17},"end":{"line":13,"column":18}},"loc":{"start":{"line":13,"column":37},"end":{"line":32,"column":1}},"line":13},"2":{"name":"(anonymous_2)","decl":{"start":{"line":34,"column":19},"end":{"line":34,"column":20}},"loc":{"start":{"line":34,"column":39},"end":{"line":60,"column":1}},"line":34},"3":{"name":"(anonymous_3)","decl":{"start":{"line":62,"column":22},"end":{"line":62,"column":23}},"loc":{"start":{"line":62,"column":42},"end":{"line":67,"column":1}},"line":62},"4":{"name":"(anonymous_4)","decl":{"start":{"line":69,"column":19},"end":{"line":69,"column":20}},"loc":{"start":{"line":69,"column":39},"end":{"line":74,"column":1}},"line":69}},"branchMap":{"0":{"loc":{"start":{"line":15,"column":2},"end":{"line":15,"column":67}},"type":"if","locations":[{"start":{"line":15,"column":2},"end":{"line":15,"column":67}},{"start":{},"end":{}}],"line":15},"1":{"loc":{"start":{"line":18,"column":2},"end":{"line":18,"column":71}},"type":"if","locations":[{"start":{"line":18,"column":2},"end":{"line":18,"column":71}},{"start":{},"end":{}}],"line":18},"2":{"loc":{"start":{"line":36,"column":2},"end":{"line":36,"column":67}},"type":"if","locations":[{"start":{"line":36,"column":2},"end":{"line":36,"column":67}},{"start":{},"end":{}}],"line":36},"3":{"loc":{"start":{"line":39,"column":2},"end":{"line":39,"column":71}},"type":"if","locations":[{"start":{"line":39,"column":2},"end":{"line":39,"column":71}},{"start":{},"end":{}}],"line":39},"4":{"loc":{"start":{"line":57,"column":2},"end":{"line":57,"column":88}},"type":"if","locations":[{"start":{"line":57,"column":2},"end":{"line":57,"column":88}},{"start":{},"end":{}}],"line":57},"5":{"loc":{"start":{"line":64,"column":2},"end":{"line":64,"column":88}},"type":"if","locations":[{"start":{"line":64,"column":2},"end":{"line":64,"column":88}},{"start":{},"end":{}}],"line":64},"6":{"loc":{"start":{"line":71,"column":2},"end":{"line":71,"column":88}},"type":"if","locations":[{"start":{"line":71,"column":2},"end":{"line":71,"column":88}},{"start":{},"end":{}}],"line":71}},"s":{"0":3,"1":3,"2":3,"3":3,"4":3,"5":0,"6":0,"7":3,"8":0,"9":0,"10":0,"11":0,"12":0,"13":0,"14":0,"15":0,"16":0,"17":3,"18":0,"19":0,"20":0,"21":0,"22":0,"23":0,"24":0,"25":0,"26":0,"27":0,"28":3,"29":0,"30":0,"31":0,"32":0,"33":3,"34":0,"35":0,"36":0,"37":0,"38":3},"f":{"0":0,"1":0,"2":0,"3":0,"4":0},"b":{"0":[0,0],"1":[0,0],"2":[0,0],"3":[0,0],"4":[0,0],"5":[0,0],"6":[0,0]},"_coverageSchema":"1a1c01bbd47fc00a2c39e90264f33305004495a9","hash":"1975a6de92bfb01c339bae0ce973ca5796d641bf"}
,"E:\\learning\\Udemy.Node.js.The.Complete.Guide.to.Build.RESTful.APIs_p30download.com\\13. Integration Testing\\movie rental\\routes\\rentals.js": {"path":"E:\\learning\\Udemy.Node.js.The.Complete.Guide.to.Build.RESTful.APIs_p30download.com\\13. Integration Testing\\movie rental\\routes\\rentals.js","statementMap":{"0":{"start":{"line":1,"column":16},"end":{"line":1,"column":34}},"1":{"start":{"line":2,"column":15},"end":{"line":2,"column":31}},"2":{"start":{"line":3,"column":25},"end":{"line":3,"column":52}},"3":{"start":{"line":4,"column":18},"end":{"line":4,"column":47}},"4":{"start":{"line":5,"column":15},"end":{"line":5,"column":41}},"5":{"start":{"line":6,"column":13},"end":{"line":6,"column":28}},"6":{"start":{"line":9,"column":0},"end":{"line":9,"column":39}},"7":{"start":{"line":12,"column":0},"end":{"line":16,"column":3}},"8":{"start":{"line":14,"column":18},"end":{"line":14,"column":54}},"9":{"start":{"line":15,"column":2},"end":{"line":15,"column":20}},"10":{"start":{"line":18,"column":0},"end":{"line":58,"column":5}},"11":{"start":{"line":19,"column":20},"end":{"line":19,"column":38}},"12":{"start":{"line":20,"column":2},"end":{"line":20,"column":67}},"13":{"start":{"line":20,"column":13},"end":{"line":20,"column":67}},"14":{"start":{"line":22,"column":19},"end":{"line":22,"column":63}},"15":{"start":{"line":23,"column":2},"end":{"line":23,"column":57}},"16":{"start":{"line":23,"column":16},"end":{"line":23,"column":57}},"17":{"start":{"line":25,"column":16},"end":{"line":25,"column":54}},"18":{"start":{"line":26,"column":2},"end":{"line":26,"column":51}},"19":{"start":{"line":26,"column":13},"end":{"line":26,"column":51}},"20":{"start":{"line":28,"column":2},"end":{"line":28,"column":76}},"21":{"start":{"line":28,"column":32},"end":{"line":28,"column":76}},"22":{"start":{"line":30,"column":17},"end":{"line":42,"column":4}},"23":{"start":{"line":44,"column":2},"end":{"line":56,"column":3}},"24":{"start":{"line":45,"column":4},"end":{"line":50,"column":13}},"25":{"start":{"line":52,"column":2},"end":{"line":52,"column":19}},"26":{"start":{"line":55,"column":4},"end":{"line":55,"column":46}},"27":{"start":{"line":60,"column":2},"end":{"line":60,"column":26}}},"fnMap":{"0":{"name":"(anonymous_0)","decl":{"start":{"line":12,"column":16},"end":{"line":12,"column":17}},"loc":{"start":{"line":12,"column":36},"end":{"line":16,"column":1}},"line":12},"1":{"name":"(anonymous_1)","decl":{"start":{"line":18,"column":17},"end":{"line":18,"column":18}},"loc":{"start":{"line":18,"column":37},"end":{"line":58,"column":3}},"line":18}},"branchMap":{"0":{"loc":{"start":{"line":20,"column":2},"end":{"line":20,"column":67}},"type":"if","locations":[{"start":{"line":20,"column":2},"end":{"line":20,"column":67}},{"start":{},"end":{}}],"line":20},"1":{"loc":{"start":{"line":23,"column":2},"end":{"line":23,"column":57}},"type":"if","locations":[{"start":{"line":23,"column":2},"end":{"line":23,"column":57}},{"start":{},"end":{}}],"line":23},"2":{"loc":{"start":{"line":26,"column":2},"end":{"line":26,"column":51}},"type":"if","locations":[{"start":{"line":26,"column":2},"end":{"line":26,"column":51}},{"start":{},"end":{}}],"line":26},"3":{"loc":{"start":{"line":28,"column":2},"end":{"line":28,"column":76}},"type":"if","locations":[{"start":{"line":28,"column":2},"end":{"line":28,"column":76}},{"start":{},"end":{}}],"line":28}},"s":{"0":3,"1":3,"2":3,"3":3,"4":3,"5":3,"6":3,"7":3,"8":0,"9":0,"10":3,"11":0,"12":0,"13":0,"14":0,"15":0,"16":0,"17":0,"18":0,"19":0,"20":0,"21":0,"22":0,"23":0,"24":0,"25":0,"26":0,"27":3},"f":{"0":0,"1":0},"b":{"0":[0,0],"1":[0,0],"2":[0,0],"3":[0,0]},"_coverageSchema":"1a1c01bbd47fc00a2c39e90264f33305004495a9","hash":"d54db8f095d5a0d9f178428054d62509cfc308a9"}
,"E:\\learning\\Udemy.Node.js.The.Complete.Guide.to.Build.RESTful.APIs_p30download.com\\13. Integration Testing\\movie rental\\routes\\returns.js": {"path":"E:\\learning\\Udemy.Node.js.The.Complete.Guide.to.Build.RESTful.APIs_p30download.com\\13. Integration Testing\\movie rental\\routes\\returns.js","statementMap":{"0":{"start":{"line":1,"column":16},"end":{"line":1,"column":34}},"1":{"start":{"line":2,"column":13},"end":{"line":2,"column":42}},"2":{"start":{"line":3,"column":18},"end":{"line":3,"column":44}},"3":{"start":{"line":4,"column":15},"end":{"line":4,"column":31}},"4":{"start":{"line":5,"column":17},"end":{"line":5,"column":44}},"5":{"start":{"line":6,"column":17},"end":{"line":6,"column":42}},"6":{"start":{"line":7,"column":12},"end":{"line":7,"column":26}},"7":{"start":{"line":8,"column":17},"end":{"line":8,"column":50}},"8":{"start":{"line":11,"column":0},"end":{"line":27,"column":5}},"9":{"start":{"line":13,"column":19},"end":{"line":13,"column":76}},"10":{"start":{"line":15,"column":4},"end":{"line":15,"column":89}},"11":{"start":{"line":15,"column":16},"end":{"line":15,"column":89}},"12":{"start":{"line":16,"column":4},"end":{"line":16,"column":83}},"13":{"start":{"line":16,"column":26},"end":{"line":16,"column":83}},"14":{"start":{"line":18,"column":4},"end":{"line":18,"column":20}},"15":{"start":{"line":19,"column":4},"end":{"line":19,"column":24}},"16":{"start":{"line":21,"column":4},"end":{"line":25,"column":7}},"17":{"start":{"line":26,"column":4},"end":{"line":26,"column":28}},"18":{"start":{"line":30,"column":19},"end":{"line":33,"column":5}},"19":{"start":{"line":35,"column":4},"end":{"line":35,"column":37}},"20":{"start":{"line":38,"column":0},"end":{"line":38,"column":24}}},"fnMap":{"0":{"name":"(anonymous_0)","decl":{"start":{"line":11,"column":48},"end":{"line":11,"column":49}},"loc":{"start":{"line":11,"column":66},"end":{"line":27,"column":3}},"line":11},"1":{"name":"validateRental","decl":{"start":{"line":29,"column":11},"end":{"line":29,"column":25}},"loc":{"start":{"line":29,"column":31},"end":{"line":36,"column":3}},"line":29}},"branchMap":{"0":{"loc":{"start":{"line":15,"column":4},"end":{"line":15,"column":89}},"type":"if","locations":[{"start":{"line":15,"column":4},"end":{"line":15,"column":89}},{"start":{},"end":{}}],"line":15},"1":{"loc":{"start":{"line":16,"column":4},"end":{"line":16,"column":83}},"type":"if","locations":[{"start":{"line":16,"column":4},"end":{"line":16,"column":83}},{"start":{},"end":{}}],"line":16}},"s":{"0":3,"1":3,"2":3,"3":3,"4":3,"5":3,"6":3,"7":3,"8":3,"9":7,"10":7,"11":1,"12":6,"13":1,"14":5,"15":5,"16":5,"17":5,"18":9,"19":9,"20":3},"f":{"0":7,"1":9},"b":{"0":[1,6],"1":[1,5]},"_coverageSchema":"1a1c01bbd47fc00a2c39e90264f33305004495a9","hash":"04e3b3e09328b5abdb4f7ae7ffa5406afb4ef2ba"}
,"E:\\learning\\Udemy.Node.js.The.Complete.Guide.to.Build.RESTful.APIs_p30download.com\\13. Integration Testing\\movie rental\\routes\\users.js": {"path":"E:\\learning\\Udemy.Node.js.The.Complete.Guide.to.Build.RESTful.APIs_p30download.com\\13. Integration Testing\\movie rental\\routes\\users.js","statementMap":{"0":{"start":{"line":1,"column":16},"end":{"line":1,"column":34}},"1":{"start":{"line":2,"column":15},"end":{"line":2,"column":31}},"2":{"start":{"line":3,"column":23},"end":{"line":3,"column":48}},"3":{"start":{"line":4,"column":10},"end":{"line":4,"column":27}},"4":{"start":{"line":5,"column":15},"end":{"line":5,"column":32}},"5":{"start":{"line":6,"column":13},"end":{"line":6,"column":42}},"6":{"start":{"line":8,"column":0},"end":{"line":11,"column":2}},"7":{"start":{"line":9,"column":15},"end":{"line":9,"column":68}},"8":{"start":{"line":10,"column":2},"end":{"line":10,"column":17}},"9":{"start":{"line":12,"column":0},"end":{"line":28,"column":5}},"10":{"start":{"line":13,"column":22},"end":{"line":13,"column":40}},"11":{"start":{"line":14,"column":4},"end":{"line":14,"column":69}},"12":{"start":{"line":14,"column":15},"end":{"line":14,"column":69}},"13":{"start":{"line":16,"column":15},"end":{"line":16,"column":58}},"14":{"start":{"line":17,"column":4},"end":{"line":17,"column":69}},"15":{"start":{"line":17,"column":13},"end":{"line":17,"column":69}},"16":{"start":{"line":19,"column":4},"end":{"line":19,"column":70}},"17":{"start":{"line":21,"column":17},"end":{"line":21,"column":41}},"18":{"start":{"line":22,"column":4},"end":{"line":22,"column":58}},"19":{"start":{"line":24,"column":18},"end":{"line":24,"column":42}},"20":{"start":{"line":26,"column":2},"end":{"line":26,"column":20}},"21":{"start":{"line":27,"column":2},"end":{"line":27,"column":81}},"22":{"start":{"line":31,"column":0},"end":{"line":31,"column":24}}},"fnMap":{"0":{"name":"(anonymous_0)","decl":{"start":{"line":8,"column":23},"end":{"line":8,"column":24}},"loc":{"start":{"line":8,"column":40},"end":{"line":11,"column":1}},"line":8},"1":{"name":"(anonymous_1)","decl":{"start":{"line":12,"column":17},"end":{"line":12,"column":18}},"loc":{"start":{"line":12,"column":37},"end":{"line":28,"column":3}},"line":12}},"branchMap":{"0":{"loc":{"start":{"line":14,"column":4},"end":{"line":14,"column":69}},"type":"if","locations":[{"start":{"line":14,"column":4},"end":{"line":14,"column":69}},{"start":{},"end":{}}],"line":14},"1":{"loc":{"start":{"line":17,"column":4},"end":{"line":17,"column":69}},"type":"if","locations":[{"start":{"line":17,"column":4},"end":{"line":17,"column":69}},{"start":{},"end":{}}],"line":17}},"s":{"0":3,"1":3,"2":3,"3":3,"4":3,"5":3,"6":3,"7":0,"8":0,"9":3,"10":0,"11":0,"12":0,"13":0,"14":0,"15":0,"16":0,"17":0,"18":0,"19":0,"20":0,"21":0,"22":3},"f":{"0":0,"1":0},"b":{"0":[0,0],"1":[0,0]},"_coverageSchema":"1a1c01bbd47fc00a2c39e90264f33305004495a9","hash":"6cc08836ba5cd694f2f7ca5a9031acc8f68701af"}
,"E:\\learning\\Udemy.Node.js.The.Complete.Guide.to.Build.RESTful.APIs_p30download.com\\13. Integration Testing\\movie rental\\startup\\config.js": {"path":"E:\\learning\\Udemy.Node.js.The.Complete.Guide.to.Build.RESTful.APIs_p30download.com\\13. Integration Testing\\movie rental\\startup\\config.js","statementMap":{"0":{"start":{"line":2,"column":15},"end":{"line":2,"column":32}},"1":{"start":{"line":5,"column":0},"end":{"line":9,"column":1}},"2":{"start":{"line":6,"column":4},"end":{"line":8,"column":9}},"3":{"start":{"line":7,"column":8},"end":{"line":7,"column":66}}},"fnMap":{"0":{"name":"(anonymous_0)","decl":{"start":{"line":5,"column":17},"end":{"line":5,"column":18}},"loc":{"start":{"line":5,"column":27},"end":{"line":9,"column":1}},"line":5}},"branchMap":{"0":{"loc":{"start":{"line":6,"column":4},"end":{"line":8,"column":9}},"type":"if","locations":[{"start":{"line":6,"column":4},"end":{"line":8,"column":9}},{"start":{},"end":{}}],"line":6}},"s":{"0":3,"1":3,"2":3,"3":0},"f":{"0":3},"b":{"0":[0,3]},"_coverageSchema":"1a1c01bbd47fc00a2c39e90264f33305004495a9","hash":"9805d0f8ac93dbbf5d9865ea56d40640c16f21d5"}
,"E:\\learning\\Udemy.Node.js.The.Complete.Guide.to.Build.RESTful.APIs_p30download.com\\13. Integration Testing\\movie rental\\startup\\db.js": {"path":"E:\\learning\\Udemy.Node.js.The.Complete.Guide.to.Build.RESTful.APIs_p30download.com\\13. Integration Testing\\movie rental\\startup\\db.js","statementMap":{"0":{"start":{"line":2,"column":16},"end":{"line":2,"column":34}},"1":{"start":{"line":3,"column":17},"end":{"line":3,"column":36}},"2":{"start":{"line":4,"column":15},"end":{"line":4,"column":32}},"3":{"start":{"line":7,"column":0},"end":{"line":10,"column":2}},"4":{"start":{"line":8,"column":4},"end":{"line":9,"column":64}},"5":{"start":{"line":9,"column":15},"end":{"line":9,"column":63}}},"fnMap":{"0":{"name":"(anonymous_0)","decl":{"start":{"line":7,"column":17},"end":{"line":7,"column":18}},"loc":{"start":{"line":7,"column":27},"end":{"line":10,"column":1}},"line":7},"1":{"name":"(anonymous_1)","decl":{"start":{"line":9,"column":10},"end":{"line":9,"column":11}},"loc":{"start":{"line":9,"column":15},"end":{"line":9,"column":63}},"line":9}},"branchMap":{},"s":{"0":3,"1":3,"2":3,"3":3,"4":3,"5":3},"f":{"0":3,"1":3},"b":{},"_coverageSchema":"1a1c01bbd47fc00a2c39e90264f33305004495a9","hash":"4b608a4ac742cdd1ecbf281c8b6f9b1ef4138f30"}
,"E:\\learning\\Udemy.Node.js.The.Complete.Guide.to.Build.RESTful.APIs_p30download.com\\13. Integration Testing\\movie rental\\startup\\logging.js": {"path":"E:\\learning\\Udemy.Node.js.The.Complete.Guide.to.Build.RESTful.APIs_p30download.com\\13. Integration Testing\\movie rental\\startup\\logging.js","statementMap":{"0":{"start":{"line":1,"column":16},"end":{"line":1,"column":34}},"1":{"start":{"line":3,"column":0},"end":{"line":3,"column":32}},"2":{"start":{"line":8,"column":0},"end":{"line":31,"column":1}},"3":{"start":{"line":11,"column":0},"end":{"line":11,"column":66}},"4":{"start":{"line":17,"column":0},"end":{"line":21,"column":3}},"5":{"start":{"line":19,"column":4},"end":{"line":19,"column":34}},"6":{"start":{"line":20,"column":4},"end":{"line":20,"column":20}},"7":{"start":{"line":23,"column":0},"end":{"line":27,"column":3}},"8":{"start":{"line":25,"column":4},"end":{"line":25,"column":34}},"9":{"start":{"line":26,"column":4},"end":{"line":26,"column":20}}},"fnMap":{"0":{"name":"(anonymous_0)","decl":{"start":{"line":8,"column":17},"end":{"line":8,"column":18}},"loc":{"start":{"line":8,"column":27},"end":{"line":31,"column":1}},"line":8},"1":{"name":"(anonymous_1)","decl":{"start":{"line":17,"column":31},"end":{"line":17,"column":32}},"loc":{"start":{"line":17,"column":37},"end":{"line":21,"column":1}},"line":17},"2":{"name":"(anonymous_2)","decl":{"start":{"line":23,"column":32},"end":{"line":23,"column":33}},"loc":{"start":{"line":23,"column":38},"end":{"line":27,"column":1}},"line":23}},"branchMap":{},"s":{"0":3,"1":3,"2":3,"3":3,"4":3,"5":0,"6":0,"7":3,"8":0,"9":0},"f":{"0":3,"1":0,"2":0},"b":{},"_coverageSchema":"1a1c01bbd47fc00a2c39e90264f33305004495a9","hash":"95e3fed78a1037ea7da85ecf953272c64e5744cb"}
,"E:\\learning\\Udemy.Node.js.The.Complete.Guide.to.Build.RESTful.APIs_p30download.com\\13. Integration Testing\\movie rental\\startup\\route.js": {"path":"E:\\learning\\Udemy.Node.js.The.Complete.Guide.to.Build.RESTful.APIs_p30download.com\\13. Integration Testing\\movie rental\\startup\\route.js","statementMap":{"0":{"start":{"line":1,"column":15},"end":{"line":1,"column":42}},"1":{"start":{"line":2,"column":17},"end":{"line":2,"column":46}},"2":{"start":{"line":3,"column":15},"end":{"line":3,"column":42}},"3":{"start":{"line":4,"column":16},"end":{"line":4,"column":44}},"4":{"start":{"line":5,"column":14},"end":{"line":5,"column":40}},"5":{"start":{"line":6,"column":13},"end":{"line":6,"column":38}},"6":{"start":{"line":7,"column":16},"end":{"line":7,"column":44}},"7":{"start":{"line":8,"column":14},"end":{"line":8,"column":44}},"8":{"start":{"line":9,"column":16},"end":{"line":9,"column":34}},"9":{"start":{"line":12,"column":0},"end":{"line":23,"column":1}},"10":{"start":{"line":14,"column":0},"end":{"line":14,"column":24}},"11":{"start":{"line":15,"column":0},"end":{"line":15,"column":31}},"12":{"start":{"line":16,"column":0},"end":{"line":16,"column":35}},"13":{"start":{"line":17,"column":0},"end":{"line":17,"column":30}},"14":{"start":{"line":18,"column":0},"end":{"line":18,"column":32}},"15":{"start":{"line":19,"column":0},"end":{"line":19,"column":28}},"16":{"start":{"line":20,"column":0},"end":{"line":20,"column":26}},"17":{"start":{"line":21,"column":0},"end":{"line":21,"column":32}},"18":{"start":{"line":22,"column":0},"end":{"line":22,"column":15}}},"fnMap":{"0":{"name":"(anonymous_0)","decl":{"start":{"line":12,"column":17},"end":{"line":12,"column":18}},"loc":{"start":{"line":12,"column":30},"end":{"line":23,"column":1}},"line":12}},"branchMap":{},"s":{"0":3,"1":3,"2":3,"3":3,"4":3,"5":3,"6":3,"7":3,"8":3,"9":3,"10":3,"11":3,"12":3,"13":3,"14":3,"15":3,"16":3,"17":3,"18":3},"f":{"0":3},"b":{},"_coverageSchema":"1a1c01bbd47fc00a2c39e90264f33305004495a9","hash":"adf897d16530168daf797859f58302c52089289c"}
,"E:\\learning\\Udemy.Node.js.The.Complete.Guide.to.Build.RESTful.APIs_p30download.com\\13. Integration Testing\\movie rental\\startup\\validation.js": {"path":"E:\\learning\\Udemy.Node.js.The.Complete.Guide.to.Build.RESTful.APIs_p30download.com\\13. Integration Testing\\movie rental\\startup\\validation.js","statementMap":{"0":{"start":{"line":1,"column":12},"end":{"line":1,"column":26}},"1":{"start":{"line":3,"column":0},"end":{"line":5,"column":2}},"2":{"start":{"line":4,"column":4},"end":{"line":4,"column":48}}},"fnMap":{"0":{"name":"(anonymous_0)","decl":{"start":{"line":3,"column":17},"end":{"line":3,"column":18}},"loc":{"start":{"line":3,"column":27},"end":{"line":5,"column":1}},"line":3}},"branchMap":{},"s":{"0":3,"1":3,"2":3},"f":{"0":3},"b":{},"_coverageSchema":"1a1c01bbd47fc00a2c39e90264f33305004495a9","hash":"a11f2c6ebf32b0c2916fcbcab1e7fb8f13be863f"}
}
