TN:
SF:index.js
FN:12,(anonymous_0)
FNF:1
FNH:1
FNDA:3,(anonymous_0)
DA:1,3
DA:2,3
DA:3,3
DA:5,3
DA:6,3
DA:7,3
DA:8,3
DA:9,3
DA:11,3
DA:12,3
DA:14,3
LF:11
LH:11
BRDA:11,0,0,3
BRDA:11,0,1,3
BRF:2
BRH:2
end_of_record
TN:
SF:middleware\admin.js
FN:1,(anonymous_0)
FNF:1
FNH:1
FNDA:3,(anonymous_0)
DA:1,3
DA:6,3
DA:8,1
LF:3
LH:3
BRDA:6,0,0,2
BRDA:6,0,1,1
BRF:2
BRH:2
end_of_record
TN:
SF:middleware\async.js
FN:1,asyncMiddleware
FN:2,(anonymous_1)
FNF:2
FNH:2
FNDA:6,asyncMiddleware
FNDA:13,(anonymous_1)
DA:1,3
DA:2,6
DA:3,13
DA:4,13
DA:7,0
LF:5
LH:4
BRF:0
BRH:0
end_of_record
TN:
SF:middleware\auth.js
FN:4,auth
FNF:1
FNH:1
FNDA:29,auth
DA:1,4
DA:2,4
DA:5,29
DA:6,29
DA:8,26
DA:9,26
DA:10,25
DA:11,25
DA:14,1
DA:17,4
LF:10
LH:10
BRDA:6,0,0,3
BRDA:6,0,1,26
BRF:2
BRH:2
end_of_record
TN:
SF:middleware\error.js
FN:4,(anonymous_0)
FNF:1
FNH:0
FNDA:0,(anonymous_0)
DA:1,3
DA:4,3
DA:6,0
DA:7,0
LF:4
LH:2
BRF:0
BRH:0
end_of_record
TN:
SF:middleware\validate.js
FN:1,(anonymous_0)
FN:2,(anonymous_1)
FNF:2
FNH:2
FNDA:3,(anonymous_0)
FNDA:9,(anonymous_1)
DA:1,3
DA:2,3
DA:3,9
DA:4,9
DA:5,7
LF:5
LH:5
BRDA:4,0,0,2
BRDA:4,0,1,7
BRF:2
BRH:2
end_of_record
TN:
SF:middleware\validateObjectId.js
FN:3,(anonymous_0)
FNF:1
FNH:1
FNDA:3,(anonymous_0)
DA:1,3
DA:3,3
DA:5,3
DA:6,1
DA:8,2
LF:5
LH:5
BRDA:5,0,0,1
BRDA:5,0,1,2
BRF:2
BRH:2
end_of_record
TN:
SF:models\customer.js
FN:24,validateCustomer
FNF:1
FNH:0
FNDA:0,validateCustomer
DA:1,3
DA:2,3
DA:4,3
DA:22,3
DA:25,0
DA:31,0
DA:34,3
DA:35,3
LF:8
LH:6
BRF:0
BRH:0
end_of_record
TN:
SF:models\genre.js
FN:16,validateGenre
FNF:1
FNH:1
FNDA:15,validateGenre
DA:1,3
DA:2,3
DA:5,3
DA:13,3
DA:17,15
DA:21,15
DA:24,3
DA:25,3
DA:26,3
LF:9
LH:9
BRF:0
BRH:0
end_of_record
TN:
SF:models\movie.js
FN:27,validateMovie
FNF:1
FNH:0
FNDA:0,validateMovie
DA:1,3
DA:2,3
DA:3,3
DA:5,3
DA:25,3
DA:28,0
DA:35,0
DA:38,3
DA:39,3
LF:9
LH:7
BRF:0
BRH:0
end_of_record
TN:
SF:models\rental.js
FN:52,(anonymous_0)
FN:59,(anonymous_1)
FN:68,validateRental
FNF:3
FNH:2
FNDA:7,(anonymous_0)
FNDA:5,(anonymous_1)
FNDA:0,validateRental
DA:1,3
DA:2,3
DA:3,3
DA:6,3
DA:52,3
DA:53,7
DA:59,3
DA:60,5
DA:62,5
DA:63,5
DA:66,3
DA:69,0
DA:74,0
DA:77,3
DA:78,3
LF:15
LH:13
BRF:0
BRH:0
end_of_record
TN:
SF:models\user.js
FN:29,(anonymous_0)
FN:37,validateUser
FNF:2
FNH:1
FNDA:27,(anonymous_0)
FNDA:0,validateUser
DA:1,5
DA:2,5
DA:3,5
DA:4,5
DA:6,5
DA:29,5
DA:31,27
DA:32,27
DA:35,5
DA:38,0
DA:44,0
DA:47,5
DA:48,5
LF:13
LH:11
BRF:0
BRH:0
end_of_record
TN:
SF:routes\auth.js
FN:11,(anonymous_0)
FN:29,validate
FNF:2
FNH:0
FNDA:0,(anonymous_0)
FNDA:0,validate
DA:1,3
DA:2,3
DA:3,3
DA:4,3
DA:5,3
DA:6,3
DA:11,3
DA:12,0
DA:13,0
DA:15,0
DA:16,0
DA:18,0
DA:20,0
DA:22,0
DA:24,0
DA:30,0
DA:35,0
DA:39,3
LF:18
LH:8
BRDA:13,0,0,0
BRDA:13,0,1,0
BRDA:16,1,0,0
BRDA:16,1,1,0
BRDA:20,2,0,0
BRDA:20,2,1,0
BRF:6
BRH:0
end_of_record
TN:
SF:routes\customer.js
FN:6,(anonymous_0)
FN:12,(anonymous_1)
FN:26,(anonymous_2)
FN:47,(anonymous_3)
FN:54,(anonymous_4)
FNF:5
FNH:0
FNDA:0,(anonymous_0)
FNDA:0,(anonymous_1)
FNDA:0,(anonymous_2)
FNDA:0,(anonymous_3)
FNDA:0,(anonymous_4)
DA:1,3
DA:2,3
DA:3,3
DA:6,3
DA:8,0
DA:9,0
DA:12,3
DA:13,0
DA:14,0
DA:16,0
DA:22,0
DA:23,0
DA:26,3
DA:27,0
DA:28,0
DA:30,0
DA:42,0
DA:44,0
DA:47,3
DA:48,0
DA:49,0
DA:51,0
DA:54,3
DA:55,0
DA:56,0
DA:58,0
DA:62,3
LF:27
LH:9
BRDA:14,0,0,0
BRDA:14,0,1,0
BRDA:28,1,0,0
BRDA:28,1,1,0
BRDA:42,2,0,0
BRDA:42,2,1,0
BRDA:49,3,0,0
BRDA:49,3,1,0
BRDA:56,4,0,0
BRDA:56,4,1,0
BRF:10
BRH:0
end_of_record
TN:
SF:routes\genres.js
FN:13,(anonymous_0)
FN:18,(anonymous_1)
FN:31,(anonymous_2)
FN:46,(anonymous_3)
FN:53,(anonymous_4)
FNF:5
FNH:5
FNDA:1,(anonymous_0)
FNDA:12,(anonymous_1)
FNDA:3,(anonymous_2)
FNDA:1,(anonymous_3)
FNDA:2,(anonymous_4)
DA:1,3
DA:2,3
DA:3,3
DA:4,3
DA:5,3
DA:6,3
DA:7,3
DA:8,3
DA:13,3
DA:14,1
DA:15,1
DA:18,3
DA:19,12
DA:20,12
DA:22,10
DA:26,10
DA:27,10
DA:31,3
DA:32,3
DA:33,3
DA:35,2
DA:41,2
DA:43,1
DA:46,3
DA:47,1
DA:48,1
DA:50,1
DA:53,3
DA:54,2
DA:56,2
DA:58,1
DA:61,3
LF:32
LH:32
BRDA:20,0,0,2
BRDA:20,0,1,10
BRDA:33,1,0,1
BRDA:33,1,1,2
BRDA:41,2,0,1
BRDA:41,2,1,1
BRDA:48,3,0,0
BRDA:48,3,1,1
BRDA:56,4,0,1
BRDA:56,4,1,1
BRF:10
BRH:9
end_of_record
TN:
SF:routes\movies.js
FN:7,(anonymous_0)
FN:13,(anonymous_1)
FN:34,(anonymous_2)
FN:62,(anonymous_3)
FN:69,(anonymous_4)
FNF:5
FNH:0
FNDA:0,(anonymous_0)
FNDA:0,(anonymous_1)
FNDA:0,(anonymous_2)
FNDA:0,(anonymous_3)
FNDA:0,(anonymous_4)
DA:1,3
DA:2,3
DA:3,3
DA:4,3
DA:7,3
DA:9,0
DA:10,0
DA:13,3
DA:14,0
DA:15,0
DA:17,0
DA:18,0
DA:20,0
DA:30,0
DA:31,0
DA:34,3
DA:35,0
DA:36,0
DA:38,0
DA:39,0
DA:41,0
DA:57,0
DA:59,0
DA:62,3
DA:63,0
DA:64,0
DA:66,0
DA:69,3
DA:70,0
DA:71,0
DA:73,0
DA:77,3
LF:32
LH:10
BRDA:15,0,0,0
BRDA:15,0,1,0
BRDA:18,1,0,0
BRDA:18,1,1,0
BRDA:36,2,0,0
BRDA:36,2,1,0
BRDA:39,3,0,0
BRDA:39,3,1,0
BRDA:57,4,0,0
BRDA:57,4,1,0
BRDA:64,5,0,0
BRDA:64,5,1,0
BRDA:71,6,0,0
BRDA:71,6,1,0
BRF:14
BRH:0
end_of_record
TN:
SF:routes\rentals.js
FN:12,(anonymous_0)
FN:18,(anonymous_1)
FNF:2
FNH:0
FNDA:0,(anonymous_0)
FNDA:0,(anonymous_1)
DA:1,3
DA:2,3
DA:3,3
DA:4,3
DA:5,3
DA:6,3
DA:9,3
DA:12,3
DA:14,0
DA:15,0
DA:18,3
DA:19,0
DA:20,0
DA:22,0
DA:23,0
DA:25,0
DA:26,0
DA:28,0
DA:30,0
DA:44,0
DA:45,0
DA:52,0
DA:55,0
DA:60,3
LF:24
LH:10
BRDA:20,0,0,0
BRDA:20,0,1,0
BRDA:23,1,0,0
BRDA:23,1,1,0
BRDA:26,2,0,0
BRDA:26,2,1,0
BRDA:28,3,0,0
BRDA:28,3,1,0
BRF:8
BRH:0
end_of_record
TN:
SF:routes\returns.js
FN:11,(anonymous_0)
FN:29,validateRental
FNF:2
FNH:2
FNDA:7,(anonymous_0)
FNDA:9,validateRental
DA:1,3
DA:2,3
DA:3,3
DA:4,3
DA:5,3
DA:6,3
DA:7,3
DA:8,3
DA:11,3
DA:13,7
DA:15,7
DA:16,6
DA:18,5
DA:19,5
DA:21,5
DA:26,5
DA:30,9
DA:35,9
DA:38,3
LF:19
LH:19
BRDA:15,0,0,1
BRDA:15,0,1,6
BRDA:16,1,0,1
BRDA:16,1,1,5
BRF:4
BRH:4
end_of_record
TN:
SF:routes\users.js
FN:8,(anonymous_0)
FN:12,(anonymous_1)
FNF:2
FNH:0
FNDA:0,(anonymous_0)
FNDA:0,(anonymous_1)
DA:1,3
DA:2,3
DA:3,3
DA:4,3
DA:5,3
DA:6,3
DA:8,3
DA:9,0
DA:10,0
DA:12,3
DA:13,0
DA:14,0
DA:16,0
DA:17,0
DA:19,0
DA:21,0
DA:22,0
DA:24,0
DA:26,0
DA:27,0
DA:31,3
LF:21
LH:9
BRDA:14,0,0,0
BRDA:14,0,1,0
BRDA:17,1,0,0
BRDA:17,1,1,0
BRF:4
BRH:0
end_of_record
TN:
SF:startup\config.js
FN:5,(anonymous_0)
FNF:1
FNH:1
FNDA:3,(anonymous_0)
DA:2,3
DA:5,3
DA:6,3
DA:7,0
LF:4
LH:3
BRDA:6,0,0,0
BRDA:6,0,1,3
BRF:2
BRH:1
end_of_record
TN:
SF:startup\db.js
FN:7,(anonymous_0)
FN:9,(anonymous_1)
FNF:2
FNH:2
FNDA:3,(anonymous_0)
FNDA:3,(anonymous_1)
DA:2,3
DA:3,3
DA:4,3
DA:7,3
DA:8,3
DA:9,3
LF:6
LH:6
BRF:0
BRH:0
end_of_record
TN:
SF:startup\logging.js
FN:8,(anonymous_0)
FN:17,(anonymous_1)
FN:23,(anonymous_2)
FNF:3
FNH:1
FNDA:3,(anonymous_0)
FNDA:0,(anonymous_1)
FNDA:0,(anonymous_2)
DA:1,3
DA:3,3
DA:8,3
DA:11,3
DA:17,3
DA:19,0
DA:20,0
DA:23,3
DA:25,0
DA:26,0
LF:10
LH:6
BRF:0
BRH:0
end_of_record
TN:
SF:startup\route.js
FN:12,(anonymous_0)
FNF:1
FNH:1
FNDA:3,(anonymous_0)
DA:1,3
DA:2,3
DA:3,3
DA:4,3
DA:5,3
DA:6,3
DA:7,3
DA:8,3
DA:9,3
DA:12,3
DA:14,3
DA:15,3
DA:16,3
DA:17,3
DA:18,3
DA:19,3
DA:20,3
DA:21,3
DA:22,3
LF:19
LH:19
BRF:0
BRH:0
end_of_record
TN:
SF:startup\validation.js
FN:3,(anonymous_0)
FNF:1
FNH:1
FNDA:3,(anonymous_0)
DA:1,3
DA:3,3
DA:4,3
LF:3
LH:3
BRF:0
BRH:0
end_of_record
